<?xml version="1.0" encoding="UTF-8"?>
<coverage generated="1742337140403" clover="3.2.0">
  <project timestamp="1742337140404" name="All files">
    <metrics statements="542" coveredstatements="365" conditionals="196" coveredconditionals="89" methods="101" coveredmethods="68" elements="839" coveredelements="522" complexity="0" loc="542" ncloc="542" packages="11" files="14" classes="14"/>
    <package name="src">
      <metrics statements="11" coveredstatements="11" conditionals="0" coveredconditionals="0" methods="2" coveredmethods="2"/>
      <file name="index.ts" path="/home/mrmkz/Documents/packages/AxonJs/src/index.ts">
        <metrics statements="11" coveredstatements="11" conditionals="0" coveredconditionals="0" methods="2" coveredmethods="2"/>
        <line num="5" count="3" type="stmt"/>
        <line num="6" count="3" type="stmt"/>
        <line num="7" count="3" type="stmt"/>
        <line num="24" count="30" type="stmt"/>
        <line num="30" count="3" type="stmt"/>
        <line num="35" count="3" type="stmt"/>
        <line num="40" count="3" type="stmt"/>
        <line num="41" count="3" type="stmt"/>
        <line num="42" count="3" type="stmt"/>
        <line num="43" count="3" type="stmt"/>
        <line num="58" count="3" type="stmt"/>
      </file>
    </package>
    <package name="src.Router">
      <metrics statements="93" coveredstatements="81" conditionals="27" coveredconditionals="16" methods="15" coveredmethods="14"/>
      <file name="AxonRouter.ts" path="/home/mrmkz/Documents/packages/AxonJs/src/Router/AxonRouter.ts">
        <metrics statements="93" coveredstatements="81" conditionals="27" coveredconditionals="16" methods="15" coveredmethods="14"/>
        <line num="1" count="3" type="stmt"/>
        <line num="2" count="3" type="stmt"/>
        <line num="4" count="3" type="stmt"/>
        <line num="5" count="3" type="stmt"/>
        <line num="7" count="3" type="stmt"/>
        <line num="8" count="0" type="stmt"/>
        <line num="20" count="3" type="cond" truecount="2" falsecount="0"/>
        <line num="22" count="3" type="stmt"/>
        <line num="27" count="26" type="stmt"/>
        <line num="28" count="26" type="stmt"/>
        <line num="32" count="10" type="stmt"/>
        <line num="38" count="10" type="stmt"/>
        <line num="47" count="30" type="stmt"/>
        <line num="49" count="30" type="stmt"/>
        <line num="78" count="21" type="cond" truecount="0" falsecount="1"/>
        <line num="79" count="0" type="stmt"/>
        <line num="82" count="21" type="stmt"/>
        <line num="84" count="21" type="stmt"/>
        <line num="85" count="21" type="stmt"/>
        <line num="87" count="21" type="stmt"/>
        <line num="93" count="21" type="stmt"/>
        <line num="115" count="1" type="cond" truecount="0" falsecount="1"/>
        <line num="116" count="0" type="stmt"/>
        <line num="119" count="1" type="stmt"/>
        <line num="121" count="1" type="stmt"/>
        <line num="122" count="1" type="stmt"/>
        <line num="124" count="1" type="stmt"/>
        <line num="130" count="1" type="stmt"/>
        <line num="147" count="1" type="cond" truecount="0" falsecount="1"/>
        <line num="148" count="0" type="stmt"/>
        <line num="151" count="1" type="stmt"/>
        <line num="153" count="1" type="stmt"/>
        <line num="154" count="1" type="stmt"/>
        <line num="156" count="1" type="stmt"/>
        <line num="162" count="1" type="stmt"/>
        <line num="179" count="1" type="cond" truecount="0" falsecount="1"/>
        <line num="180" count="0" type="stmt"/>
        <line num="183" count="1" type="stmt"/>
        <line num="185" count="1" type="stmt"/>
        <line num="186" count="1" type="stmt"/>
        <line num="188" count="1" type="stmt"/>
        <line num="194" count="1" type="stmt"/>
        <line num="211" count="1" type="cond" truecount="0" falsecount="1"/>
        <line num="212" count="0" type="stmt"/>
        <line num="215" count="1" type="stmt"/>
        <line num="217" count="1" type="stmt"/>
        <line num="218" count="1" type="stmt"/>
        <line num="220" count="1" type="stmt"/>
        <line num="226" count="1" type="stmt"/>
        <line num="243" count="1" type="cond" truecount="0" falsecount="1"/>
        <line num="244" count="0" type="stmt"/>
        <line num="247" count="1" type="stmt"/>
        <line num="249" count="1" type="stmt"/>
        <line num="250" count="1" type="stmt"/>
        <line num="252" count="1" type="stmt"/>
        <line num="258" count="1" type="stmt"/>
        <line num="262" count="54" type="stmt"/>
        <line num="280" count="26" type="stmt"/>
        <line num="281" count="26" type="stmt"/>
        <line num="282" count="26" type="stmt"/>
        <line num="283" count="26" type="stmt"/>
        <line num="284" count="32" type="cond" truecount="2" falsecount="0"/>
        <line num="286" count="5" type="stmt"/>
        <line num="287" count="5" type="cond" truecount="0" falsecount="1"/>
        <line num="288" count="0" type="stmt"/>
        <line num="291" count="5" type="stmt"/>
        <line num="292" count="5" type="stmt"/>
        <line num="293" count="5" type="stmt"/>
        <line num="295" count="5" type="cond" truecount="4" falsecount="0"/>
        <line num="296" count="1" type="stmt"/>
        <line num="297" count="1" type="cond" truecount="0" falsecount="1"/>
        <line num="298" count="0" type="stmt"/>
        <line num="300" count="1" type="stmt"/>
        <line num="301" count="1" type="stmt"/>
        <line num="302" count="1" type="stmt"/>
        <line num="305" count="4" type="stmt"/>
        <line num="309" count="27" type="stmt"/>
        <line num="310" count="27" type="cond" truecount="2" falsecount="0"/>
        <line num="311" count="27" type="stmt"/>
        <line num="312" count="27" type="cond" truecount="2" falsecount="0"/>
        <line num="315" count="26" type="stmt"/>
        <line num="316" count="26" type="stmt"/>
        <line num="321" count="27" type="stmt"/>
        <line num="325" count="26" type="cond" truecount="1" falsecount="0"/>
        <line num="326" count="2" type="stmt"/>
        <line num="329" count="26" type="cond" truecount="0" falsecount="1"/>
        <line num="330" count="0" type="stmt"/>
        <line num="332" count="26" type="cond" truecount="0" falsecount="1"/>
        <line num="333" count="0" type="stmt"/>
        <line num="335" count="26" type="cond" truecount="0" falsecount="1"/>
        <line num="336" count="0" type="stmt"/>
        <line num="339" count="26" type="stmt"/>
        <line num="343" count="3" type="stmt"/>
      </file>
    </package>
    <package name="src.Router.exceptions">
      <metrics statements="4" coveredstatements="1" conditionals="0" coveredconditionals="0" methods="1" coveredmethods="0"/>
      <file name="RouterException.ts" path="/home/mrmkz/Documents/packages/AxonJs/src/Router/exceptions/RouterException.ts">
        <metrics statements="4" coveredstatements="1" conditionals="0" coveredconditionals="0" methods="1" coveredmethods="0"/>
        <line num="8" count="0" type="stmt"/>
        <line num="9" count="0" type="stmt"/>
        <line num="10" count="0" type="stmt"/>
        <line num="14" count="3" type="stmt"/>
      </file>
    </package>
    <package name="src.core">
      <metrics statements="190" coveredstatements="149" conditionals="79" coveredconditionals="43" methods="37" coveredmethods="30"/>
      <file name="AxonCore.ts" path="/home/mrmkz/Documents/packages/AxonJs/src/core/AxonCore.ts">
        <metrics statements="190" coveredstatements="149" conditionals="79" coveredconditionals="43" methods="37" coveredmethods="30"/>
        <line num="1" count="3" type="stmt"/>
        <line num="2" count="3" type="stmt"/>
        <line num="3" count="3" type="stmt"/>
        <line num="7" count="3" type="stmt"/>
        <line num="8" count="3" type="stmt"/>
        <line num="18" count="3" type="stmt"/>
        <line num="24" count="3" type="stmt"/>
        <line num="25" count="3" type="stmt"/>
        <line num="26" count="3" type="stmt"/>
        <line num="27" count="3" type="stmt"/>
        <line num="28" count="3" type="stmt"/>
        <line num="32" count="3" type="stmt"/>
        <line num="38" count="3" type="stmt"/>
        <line num="82" count="3" type="stmt"/>
        <line num="90" count="3" type="stmt"/>
        <line num="95" count="3" type="stmt"/>
        <line num="104" count="3" type="stmt"/>
        <line num="106" count="3" type="stmt"/>
        <line num="107" count="3" type="stmt"/>
        <line num="108" count="3" type="stmt"/>
        <line num="109" count="3" type="stmt"/>
        <line num="111" count="3" type="stmt"/>
        <line num="113" count="3" type="stmt"/>
        <line num="132" count="0" type="stmt"/>
        <line num="136" count="3" type="stmt"/>
        <line num="144" count="3" type="stmt"/>
        <line num="146" count="2" type="stmt"/>
        <line num="162" count="18" type="stmt"/>
        <line num="166" count="18" type="stmt"/>
        <line num="174" count="18" type="stmt"/>
        <line num="175" count="108" type="cond" truecount="1" falsecount="0"/>
        <line num="176" count="18" type="stmt"/>
        <line num="177" count="18" type="cond" truecount="1" falsecount="1"/>
        <line num="178" count="18" type="stmt"/>
        <line num="179" count="18" type="stmt"/>
        <line num="181" count="18" type="stmt"/>
        <line num="183" count="0" type="stmt"/>
        <line num="189" count="18" type="stmt"/>
        <line num="223" count="28" type="stmt"/>
        <line num="232" count="0" type="stmt"/>
        <line num="245" count="8" type="cond" truecount="3" falsecount="0"/>
        <line num="247" count="8" type="cond" truecount="1" falsecount="0"/>
        <line num="248" count="4" type="stmt"/>
        <line num="255" count="8" type="cond" truecount="1" falsecount="0"/>
        <line num="256" count="4" type="stmt"/>
        <line num="257" count="10" type="cond" truecount="1" falsecount="0"/>
        <line num="258" count="10" type="stmt"/>
        <line num="267" count="8" type="stmt"/>
        <line num="274" count="9" type="stmt"/>
        <line num="284" count="20" type="stmt"/>
        <line num="285" count="20" type="stmt"/>
        <line num="287" count="20" type="stmt"/>
        <line num="290" count="20" type="cond" truecount="1" falsecount="0"/>
        <line num="291" count="1" type="stmt"/>
        <line num="301" count="19" type="stmt"/>
        <line num="303" count="19" type="stmt"/>
        <line num="305" count="19" type="cond" truecount="1" falsecount="0"/>
        <line num="306" count="1" type="stmt"/>
        <line num="316" count="18" type="stmt"/>
        <line num="317" count="18" type="stmt"/>
        <line num="320" count="18" type="stmt"/>
        <line num="323" count="18" type="stmt"/>
        <line num="325" count="18" type="stmt"/>
        <line num="327" count="18" type="cond" truecount="1" falsecount="0"/>
        <line num="328" count="18" type="stmt"/>
        <line num="329" count="18" type="cond" truecount="1" falsecount="1"/>
        <line num="330" count="18" type="stmt"/>
        <line num="332" count="18" type="stmt"/>
        <line num="336" count="18" type="stmt"/>
        <line num="337" count="18" type="stmt"/>
        <line num="339" count="18" type="stmt"/>
        <line num="340" count="4" type="stmt"/>
        <line num="345" count="18" type="stmt"/>
        <line num="346" count="4" type="stmt"/>
        <line num="347" count="4" type="stmt"/>
        <line num="350" count="18" type="stmt"/>
        <line num="351" count="18" type="stmt"/>
        <line num="353" count="18" type="stmt"/>
        <line num="355" count="18" type="stmt"/>
        <line num="357" count="18" type="stmt"/>
        <line num="359" count="18" type="stmt"/>
        <line num="365" count="18" type="stmt"/>
        <line num="366" count="18" type="stmt"/>
        <line num="367" count="16" type="stmt"/>
        <line num="368" count="15" type="stmt"/>
        <line num="371" count="15" type="cond" truecount="1" falsecount="1"/>
        <line num="372" count="0" type="stmt"/>
        <line num="381" count="15" type="stmt"/>
        <line num="388" count="0" type="stmt"/>
        <line num="391" count="0" type="stmt"/>
        <line num="393" count="0" type="stmt"/>
        <line num="403" count="18" type="cond" truecount="1" falsecount="2"/>
        <line num="404" count="0" type="stmt"/>
        <line num="429" count="52" type="stmt"/>
        <line num="431" count="52" type="stmt"/>
        <line num="432" count="89" type="cond" truecount="2" falsecount="0"/>
        <line num="433" count="40" type="stmt"/>
        <line num="435" count="40" type="stmt"/>
        <line num="437" count="40" type="stmt"/>
        <line num="438" count="40" type="stmt"/>
        <line num="439" count="34" type="stmt"/>
        <line num="440" count="34" type="stmt"/>
        <line num="442" count="40" type="stmt"/>
        <line num="446" count="40" type="stmt"/>
        <line num="449" count="40" type="stmt"/>
        <line num="450" count="11" type="stmt"/>
        <line num="455" count="6" type="cond" truecount="2" falsecount="0"/>
        <line num="457" count="3" type="stmt"/>
        <line num="464" count="3" type="stmt"/>
        <line num="475" count="3" type="cond" truecount="1" falsecount="1"/>
        <line num="476" count="3" type="stmt"/>
        <line num="480" count="49" type="stmt"/>
        <line num="484" count="52" type="stmt"/>
        <line num="488" count="5" type="cond" truecount="0" falsecount="1"/>
        <line num="489" count="0" type="stmt"/>
        <line num="492" count="5" type="cond" truecount="0" falsecount="1"/>
        <line num="493" count="0" type="stmt"/>
        <line num="496" count="5" type="stmt"/>
        <line num="498" count="5" type="cond" truecount="0" falsecount="1"/>
        <line num="499" count="0" type="stmt"/>
        <line num="500" count="0" type="cond" truecount="0" falsecount="1"/>
        <line num="501" count="0" type="stmt"/>
        <line num="506" count="5" type="stmt"/>
        <line num="509" count="5" type="cond" truecount="1" falsecount="1"/>
        <line num="510" count="0" type="stmt"/>
        <line num="519" count="5" type="stmt"/>
        <line num="522" count="5" type="stmt"/>
        <line num="540" count="3" type="stmt"/>
        <line num="541" count="3" type="stmt"/>
        <line num="542" count="3" type="stmt"/>
        <line num="543" count="1" type="cond" truecount="3" falsecount="1"/>
        <line num="544" count="1" type="stmt"/>
        <line num="545" count="1" type="stmt"/>
        <line num="546" count="1" type="stmt"/>
        <line num="547" count="0" type="cond" truecount="0" falsecount="1"/>
        <line num="548" count="0" type="stmt"/>
        <line num="549" count="0" type="stmt"/>
        <line num="556" count="3" type="stmt"/>
        <line num="563" count="0" type="stmt"/>
        <line num="564" count="0" type="stmt"/>
        <line num="568" count="3" type="stmt"/>
        <line num="569" count="20" type="stmt"/>
        <line num="570" count="20" type="stmt"/>
        <line num="572" count="20" type="stmt"/>
        <line num="574" count="20" type="stmt"/>
        <line num="576" count="0" type="stmt"/>
        <line num="581" count="3" type="stmt"/>
        <line num="582" count="6" type="cond" truecount="1" falsecount="2"/>
        <line num="584" count="6" type="cond" truecount="1" falsecount="1"/>
        <line num="585" count="0" type="stmt"/>
        <line num="587" count="6" type="stmt"/>
        <line num="590" count="0" type="cond" truecount="0" falsecount="2"/>
        <line num="591" count="0" type="stmt"/>
        <line num="593" count="0" type="stmt"/>
        <line num="596" count="0" type="stmt"/>
        <line num="600" count="3" type="cond" truecount="2" falsecount="0"/>
        <line num="603" count="3" type="cond" truecount="0" falsecount="1"/>
        <line num="604" count="0" type="cond" truecount="0" falsecount="2"/>
        <line num="607" count="3" type="stmt"/>
        <line num="610" count="3" type="cond" truecount="1" falsecount="0"/>
        <line num="611" count="3" type="stmt"/>
        <line num="612" count="3" type="cond" truecount="1" falsecount="1"/>
        <line num="613" count="0" type="cond" truecount="0" falsecount="1"/>
        <line num="614" count="0" type="stmt"/>
        <line num="616" count="3" type="cond" truecount="1" falsecount="0"/>
        <line num="617" count="3" type="stmt"/>
        <line num="620" count="3" type="cond" truecount="0" falsecount="1"/>
        <line num="621" count="0" type="stmt"/>
        <line num="627" count="3" type="stmt"/>
        <line num="628" count="3" type="stmt"/>
        <line num="630" count="3" type="stmt"/>
        <line num="631" count="0" type="stmt"/>
        <line num="632" count="0" type="stmt"/>
        <line num="635" count="3" type="stmt"/>
        <line num="636" count="0" type="stmt"/>
        <line num="637" count="0" type="stmt"/>
        <line num="650" count="3" type="cond" truecount="1" falsecount="0"/>
        <line num="651" count="3" type="cond" truecount="1" falsecount="0"/>
        <line num="652" count="3" type="stmt"/>
        <line num="653" count="3" type="stmt"/>
        <line num="656" count="3" type="cond" truecount="0" falsecount="1"/>
        <line num="657" count="0" type="stmt"/>
        <line num="658" count="0" type="stmt"/>
        <line num="661" count="3" type="stmt"/>
        <line num="664" count="0" type="cond" truecount="0" falsecount="1"/>
        <line num="665" count="0" type="stmt"/>
        <line num="666" count="0" type="stmt"/>
        <line num="667" count="0" type="stmt"/>
        <line num="670" count="0" type="stmt"/>
        <line num="686" count="0" type="stmt"/>
      </file>
    </package>
    <package name="src.core.config">
      <metrics statements="32" coveredstatements="11" conditionals="6" coveredconditionals="1" methods="7" coveredmethods="1"/>
      <file name="AxonConfig.ts" path="/home/mrmkz/Documents/packages/AxonJs/src/core/config/AxonConfig.ts">
        <metrics statements="31" coveredstatements="10" conditionals="6" coveredconditionals="1" methods="7" coveredmethods="1"/>
        <line num="2" count="3" type="stmt"/>
        <line num="3" count="3" type="stmt"/>
        <line num="4" count="3" type="stmt"/>
        <line num="7" count="3" type="stmt"/>
        <line num="13" count="3" type="stmt"/>
        <line num="15" count="3" type="stmt"/>
        <line num="18" count="0" type="stmt"/>
        <line num="19" count="0" type="stmt"/>
        <line num="20" count="0" type="cond" truecount="0" falsecount="2"/>
        <line num="24" count="0" type="stmt"/>
        <line num="33" count="0" type="stmt"/>
        <line num="34" count="0" type="stmt"/>
        <line num="35" count="0" type="stmt"/>
        <line num="36" count="0" type="stmt"/>
        <line num="37" count="0" type="stmt"/>
        <line num="40" count="3" type="stmt"/>
        <line num="41" count="6" type="stmt"/>
        <line num="49" count="0" type="stmt"/>
        <line num="50" count="0" type="stmt"/>
        <line num="51" count="0" type="stmt"/>
        <line num="52" count="0" type="stmt"/>
        <line num="56" count="6" type="stmt"/>
        <line num="58" count="4" type="cond" truecount="1" falsecount="0"/>
        <line num="60" count="0" type="cond" truecount="0" falsecount="1"/>
        <line num="62" count="0" type="stmt"/>
        <line num="64" count="0" type="cond" truecount="0" falsecount="1"/>
        <line num="65" count="0" type="stmt"/>
        <line num="68" count="0" type="cond" truecount="0" falsecount="1"/>
        <line num="69" count="0" type="stmt"/>
        <line num="72" count="0" type="stmt"/>
        <line num="74" count="0" type="stmt"/>
      </file>
      <file name="defaultConfig.ts" path="/home/mrmkz/Documents/packages/AxonJs/src/core/config/defaultConfig.ts">
        <metrics statements="1" coveredstatements="1" conditionals="0" coveredconditionals="0" methods="0" coveredmethods="0"/>
        <line num="4" count="3" type="stmt"/>
      </file>
    </package>
    <package name="src.core.cors">
      <metrics statements="117" coveredstatements="58" conditionals="69" coveredconditionals="24" methods="16" coveredmethods="11"/>
      <file name="AxonCors.ts" path="/home/mrmkz/Documents/packages/AxonJs/src/core/cors/AxonCors.ts">
        <metrics statements="117" coveredstatements="58" conditionals="69" coveredconditionals="24" methods="16" coveredmethods="11"/>
        <line num="1" count="3" type="stmt"/>
        <line num="4" count="3" type="stmt"/>
        <line num="6" count="3" type="stmt"/>
        <line num="13" count="3" type="stmt"/>
        <line num="14" count="0" type="cond" truecount="0" falsecount="2"/>
        <line num="17" count="3" type="stmt"/>
        <line num="18" count="0" type="cond" truecount="0" falsecount="2"/>
        <line num="19" count="0" type="stmt"/>
        <line num="20" count="0" type="cond" truecount="0" falsecount="1"/>
        <line num="21" count="0" type="stmt"/>
        <line num="24" count="0" type="stmt"/>
        <line num="25" count="0" type="cond" truecount="0" falsecount="2"/>
        <line num="26" count="0" type="stmt"/>
        <line num="27" count="0" type="cond" truecount="0" falsecount="2"/>
        <line num="28" count="0" type="stmt"/>
        <line num="30" count="0" type="stmt"/>
        <line num="34" count="3" type="stmt"/>
        <line num="35" count="18" type="stmt"/>
        <line num="36" count="18" type="stmt"/>
        <line num="39" count="18" type="cond" truecount="3" falsecount="1"/>
        <line num="41" count="18" type="stmt"/>
        <line num="45" count="0" type="cond" truecount="0" falsecount="2"/>
        <line num="47" count="0" type="stmt"/>
        <line num="51" count="0" type="stmt"/>
        <line num="56" count="0" type="stmt"/>
        <line num="58" count="0" type="stmt"/>
        <line num="62" count="0" type="stmt"/>
        <line num="68" count="18" type="stmt"/>
        <line num="71" count="3" type="stmt"/>
        <line num="72" count="0" type="stmt"/>
        <line num="73" count="0" type="cond" truecount="0" falsecount="1"/>
        <line num="74" count="0" type="stmt"/>
        <line num="76" count="0" type="stmt"/>
        <line num="82" count="3" type="stmt"/>
        <line num="83" count="18" type="cond" truecount="0" falsecount="1"/>
        <line num="84" count="0" type="stmt"/>
        <line num="89" count="18" type="stmt"/>
        <line num="92" count="3" type="stmt"/>
        <line num="93" count="0" type="cond" truecount="0" falsecount="2"/>
        <line num="94" count="0" type="stmt"/>
        <line num="96" count="0" type="cond" truecount="0" falsecount="2"/>
        <line num="97" count="0" type="stmt"/>
        <line num="98" count="0" type="stmt"/>
        <line num="102" count="0" type="cond" truecount="0" falsecount="1"/>
        <line num="103" count="0" type="stmt"/>
        <line num="105" count="0" type="cond" truecount="0" falsecount="3"/>
        <line num="106" count="0" type="stmt"/>
        <line num="112" count="0" type="stmt"/>
        <line num="115" count="3" type="stmt"/>
        <line num="116" count="18" type="stmt"/>
        <line num="117" count="18" type="cond" truecount="1" falsecount="1"/>
        <line num="118" count="18" type="stmt"/>
        <line num="119" count="0" type="cond" truecount="0" falsecount="1"/>
        <line num="120" count="0" type="stmt"/>
        <line num="122" count="0" type="cond" truecount="0" falsecount="3"/>
        <line num="123" count="0" type="stmt"/>
        <line num="128" count="0" type="stmt"/>
        <line num="131" count="3" type="stmt"/>
        <line num="132" count="0" type="cond" truecount="0" falsecount="3"/>
        <line num="133" count="0" type="cond" truecount="0" falsecount="3"/>
        <line num="134" count="0" type="stmt"/>
        <line num="139" count="0" type="stmt"/>
        <line num="142" count="3" type="stmt"/>
        <line num="143" count="54" type="stmt"/>
        <line num="144" count="90" type="stmt"/>
        <line num="145" count="90" type="cond" truecount="1" falsecount="0"/>
        <line num="146" count="54" type="cond" truecount="2" falsecount="0"/>
        <line num="147" count="36" type="stmt"/>
        <line num="148" count="18" type="cond" truecount="2" falsecount="2"/>
        <line num="149" count="0" type="stmt"/>
        <line num="150" count="18" type="cond" truecount="1" falsecount="0"/>
        <line num="151" count="18" type="stmt"/>
        <line num="157" count="3" type="stmt"/>
        <line num="158" count="18" type="stmt"/>
        <line num="159" count="18" type="cond" truecount="3" falsecount="0"/>
        <line num="161" count="18" type="cond" truecount="1" falsecount="1"/>
        <line num="163" count="0" type="stmt"/>
        <line num="164" count="0" type="stmt"/>
        <line num="165" count="0" type="stmt"/>
        <line num="166" count="0" type="stmt"/>
        <line num="167" count="0" type="stmt"/>
        <line num="168" count="0" type="stmt"/>
        <line num="169" count="0" type="stmt"/>
        <line num="171" count="0" type="cond" truecount="0" falsecount="2"/>
        <line num="172" count="0" type="stmt"/>
        <line num="176" count="0" type="stmt"/>
        <line num="177" count="0" type="stmt"/>
        <line num="178" count="0" type="stmt"/>
        <line num="182" count="18" type="stmt"/>
        <line num="183" count="18" type="stmt"/>
        <line num="184" count="18" type="stmt"/>
        <line num="185" count="18" type="stmt"/>
        <line num="186" count="18" type="stmt"/>
        <line num="190" count="3" type="stmt"/>
        <line num="193" count="18" type="cond" truecount="1" falsecount="1"/>
        <line num="194" count="0" type="stmt"/>
        <line num="196" count="18" type="stmt"/>
        <line num="197" count="18" type="stmt"/>
        <line num="201" count="18" type="stmt"/>
        <line num="202" count="18" type="stmt"/>
        <line num="203" count="18" type="cond" truecount="1" falsecount="1"/>
        <line num="204" count="0" type="stmt"/>
        <line num="214" count="18" type="stmt"/>
        <line num="215" count="18" type="stmt"/>
        <line num="216" count="18" type="cond" truecount="3" falsecount="1"/>
        <line num="217" count="0" type="stmt"/>
        <line num="218" count="18" type="cond" truecount="1" falsecount="0"/>
        <line num="219" count="18" type="stmt"/>
        <line num="220" count="18" type="stmt"/>
        <line num="224" count="18" type="cond" truecount="1" falsecount="1"/>
        <line num="225" count="18" type="stmt"/>
        <line num="226" count="18" type="cond" truecount="3" falsecount="1"/>
        <line num="227" count="0" type="stmt"/>
        <line num="237" count="18" type="stmt"/>
        <line num="238" count="18" type="stmt"/>
        <line num="242" count="0" type="stmt"/>
        <line num="249" count="3" type="stmt"/>
      </file>
    </package>
    <package name="src.core.exceptions">
      <metrics statements="4" coveredstatements="3" conditionals="0" coveredconditionals="0" methods="1" coveredmethods="0"/>
      <file name="CoreExceptions.ts" path="/home/mrmkz/Documents/packages/AxonJs/src/core/exceptions/CoreExceptions.ts">
        <metrics statements="4" coveredstatements="3" conditionals="0" coveredconditionals="0" methods="1" coveredmethods="0"/>
        <line num="1" count="3" type="stmt"/>
        <line num="9" count="3" type="stmt"/>
        <line num="10" count="0" type="stmt"/>
        <line num="21" count="3" type="stmt"/>
      </file>
    </package>
    <package name="src.core.plugin">
      <metrics statements="11" coveredstatements="4" conditionals="0" coveredconditionals="0" methods="4" coveredmethods="1"/>
      <file name="PluginLoader.ts" path="/home/mrmkz/Documents/packages/AxonJs/src/core/plugin/PluginLoader.ts">
        <metrics statements="11" coveredstatements="4" conditionals="0" coveredconditionals="0" methods="4" coveredmethods="1"/>
        <line num="3" count="3" type="stmt"/>
        <line num="5" count="3" type="stmt"/>
        <line num="6" count="3" type="stmt"/>
        <line num="9" count="0" type="stmt"/>
        <line num="10" count="0" type="stmt"/>
        <line num="11" count="0" type="stmt"/>
        <line num="12" count="0" type="stmt"/>
        <line num="16" count="3" type="stmt"/>
        <line num="17" count="0" type="stmt"/>
        <line num="18" count="0" type="stmt"/>
        <line num="23" count="0" type="stmt"/>
      </file>
    </package>
    <package name="src.core.response">
      <metrics statements="19" coveredstatements="7" conditionals="4" coveredconditionals="1" methods="5" coveredmethods="2"/>
      <file name="AxonResponse.ts" path="/home/mrmkz/Documents/packages/AxonJs/src/core/response/AxonResponse.ts">
        <metrics statements="19" coveredstatements="7" conditionals="4" coveredconditionals="1" methods="5" coveredmethods="2"/>
        <line num="7" count="20" type="stmt"/>
        <line num="14" count="0" type="stmt"/>
        <line num="16" count="0" type="stmt"/>
        <line num="18" count="0" type="cond" truecount="0" falsecount="1"/>
        <line num="19" count="0" type="stmt"/>
        <line num="21" count="0" type="stmt"/>
        <line num="33" count="20" type="cond" truecount="1" falsecount="2"/>
        <line num="35" count="0" type="stmt"/>
        <line num="36" count="0" type="stmt"/>
        <line num="38" count="20" type="stmt"/>
        <line num="39" count="20" type="stmt"/>
        <line num="40" count="20" type="stmt"/>
        <line num="42" count="0" type="stmt"/>
        <line num="43" count="0" type="stmt"/>
        <line num="44" count="0" type="stmt"/>
        <line num="47" count="20" type="stmt"/>
        <line num="51" count="0" type="stmt"/>
        <line num="53" count="0" type="stmt"/>
        <line num="57" count="3" type="stmt"/>
      </file>
    </package>
    <package name="src.core.services">
      <metrics statements="30" coveredstatements="14" conditionals="8" coveredconditionals="3" methods="7" coveredmethods="3"/>
      <file name="unloadRoutesService.ts" path="/home/mrmkz/Documents/packages/AxonJs/src/core/services/unloadRoutesService.ts">
        <metrics statements="30" coveredstatements="14" conditionals="8" coveredconditionals="3" methods="7" coveredmethods="3"/>
        <line num="3" count="3" type="stmt"/>
        <line num="14" count="3" type="stmt"/>
        <line num="15" count="28" type="cond" truecount="1" falsecount="0"/>
        <line num="16" count="28" type="stmt"/>
        <line num="18" count="28" type="stmt"/>
        <line num="19" count="168" type="cond" truecount="1" falsecount="0"/>
        <line num="20" count="24" type="stmt"/>
        <line num="21" count="24" type="cond" truecount="1" falsecount="0"/>
        <line num="22" count="18" type="stmt"/>
        <line num="23" count="18" type="stmt"/>
        <line num="25" count="18" type="stmt"/>
        <line num="32" count="28" type="cond" truecount="0" falsecount="1"/>
        <line num="33" count="0" type="stmt"/>
        <line num="35" count="0" type="stmt"/>
        <line num="38" count="28" type="cond" truecount="0" falsecount="1"/>
        <line num="39" count="0" type="stmt"/>
        <line num="40" count="0" type="stmt"/>
        <line num="41" count="0" type="cond" truecount="0" falsecount="1"/>
        <line num="42" count="0" type="stmt"/>
        <line num="43" count="0" type="cond" truecount="0" falsecount="1"/>
        <line num="44" count="0" type="stmt"/>
        <line num="45" count="0" type="stmt"/>
        <line num="47" count="0" type="stmt"/>
        <line num="49" count="0" type="stmt"/>
        <line num="55" count="0" type="cond" truecount="0" falsecount="1"/>
        <line num="59" count="3" type="stmt"/>
        <line num="60" count="0" type="stmt"/>
        <line num="61" count="0" type="stmt"/>
        <line num="64" count="0" type="stmt"/>
        <line num="66" count="0" type="stmt"/>
      </file>
    </package>
    <package name="src.core.utils">
      <metrics statements="31" coveredstatements="26" conditionals="3" coveredconditionals="1" methods="6" coveredmethods="4"/>
      <file name="coreLogger.ts" path="/home/mrmkz/Documents/packages/AxonJs/src/core/utils/coreLogger.ts">
        <metrics statements="5" coveredstatements="5" conditionals="0" coveredconditionals="0" methods="0" coveredmethods="0"/>
        <line num="1" count="3" type="stmt"/>
        <line num="2" count="3" type="stmt"/>
        <line num="4" count="3" type="stmt"/>
        <line num="22" count="3" type="stmt"/>
        <line num="42" count="3" type="stmt"/>
      </file>
      <file name="getRequestBody.ts" path="/home/mrmkz/Documents/packages/AxonJs/src/core/utils/getRequestBody.ts">
        <metrics statements="14" coveredstatements="11" conditionals="0" coveredconditionals="0" methods="5" coveredmethods="3"/>
        <line num="3" count="3" type="stmt"/>
        <line num="4" count="20" type="stmt"/>
        <line num="5" count="20" type="stmt"/>
        <line num="7" count="20" type="stmt"/>
        <line num="8" count="0" type="stmt"/>
        <line num="11" count="20" type="stmt"/>
        <line num="12" count="20" type="stmt"/>
        <line num="13" count="20" type="stmt"/>
        <line num="14" count="0" type="stmt"/>
        <line num="16" count="20" type="stmt"/>
        <line num="17" count="20" type="stmt"/>
        <line num="21" count="20" type="stmt"/>
        <line num="22" count="0" type="stmt"/>
        <line num="27" count="3" type="stmt"/>
      </file>
      <file name="routePrefixHandler.ts" path="/home/mrmkz/Documents/packages/AxonJs/src/core/utils/routePrefixHandler.ts">
        <metrics statements="12" coveredstatements="10" conditionals="3" coveredconditionals="1" methods="1" coveredmethods="1"/>
        <line num="1" count="3" type="stmt"/>
        <line num="2" count="2" type="stmt"/>
        <line num="3" count="2" type="stmt"/>
        <line num="5" count="2" type="cond" truecount="1" falsecount="0"/>
        <line num="6" count="2" type="stmt"/>
        <line num="8" count="2" type="cond" truecount="0" falsecount="1"/>
        <line num="9" count="0" type="stmt"/>
        <line num="11" count="2" type="cond" truecount="0" falsecount="1"/>
        <line num="12" count="0" type="stmt"/>
        <line num="14" count="2" type="stmt"/>
        <line num="16" count="2" type="stmt"/>
        <line num="19" count="3" type="stmt"/>
      </file>
    </package>
  </project>
</coverage>
