{"/home/mrmkz/Documents/packages/AxonJs/src/index.ts": {"path":"/home/mrmkz/Documents/packages/AxonJs/src/index.ts","statementMap":{"0":{"start":{"line":5,"column":0},"end":{"line":5,"column":7}},"1":{"start":{"line":40,"column":2},"end":{"line":5,"column":39}},"2":{"start":{"line":6,"column":0},"end":{"line":6,"column":7}},"3":{"start":{"line":41,"column":2},"end":{"line":6,"column":45}},"4":{"start":{"line":7,"column":0},"end":{"line":7,"column":49}},"5":{"start":{"line":24,"column":15},"end":{"line":24,"column":70}},"6":{"start":{"line":24,"column":48},"end":{"line":24,"column":70}},"7":{"start":{"line":43,"column":2},"end":{"line":43,"column":8}},"8":{"start":{"line":30,"column":13},"end":{"line":30,"column":43}},"9":{"start":{"line":30,"column":29},"end":{"line":30,"column":43}},"10":{"start":{"line":42,"column":2},"end":{"line":42,"column":6}},"11":{"start":{"line":35,"column":19},"end":{"line":35,"column":25}},"12":{"start":{"line":58,"column":2},"end":{"line":58,"column":12}}},"fnMap":{"0":{"name":"(anonymous_1)","decl":{"start":{"line":24,"column":15},"end":{"line":24,"column":16}},"loc":{"start":{"line":24,"column":48},"end":{"line":24,"column":70}}},"1":{"name":"(anonymous_2)","decl":{"start":{"line":30,"column":13},"end":{"line":30,"column":26}},"loc":{"start":{"line":30,"column":29},"end":{"line":30,"column":43}}}},"branchMap":{},"s":{"0":3,"1":3,"2":3,"3":3,"4":3,"5":3,"6":30,"7":3,"8":3,"9":3,"10":3,"11":3,"12":3},"f":{"0":30,"1":3},"b":{}}
,"/home/mrmkz/Documents/packages/AxonJs/src/Router/AxonRouter.ts": {"path":"/home/mrmkz/Documents/packages/AxonJs/src/Router/AxonRouter.ts","statementMap":{"0":{"start":{"line":1,"column":0},"end":{"line":1,"column":59}},"1":{"start":{"line":2,"column":0},"end":{"line":2,"column":62}},"2":{"start":{"line":4,"column":0},"end":{"line":4,"column":50}},"3":{"start":{"line":5,"column":0},"end":{"line":5,"column":58}},"4":{"start":{"line":7,"column":23},"end":{"line":16,"column":1}},"5":{"start":{"line":8,"column":4},"end":{"line":15,"column":null}},"6":{"start":{"line":20,"column":0},"end":{"line":20,"column":88}},"7":{"start":{"line":20,"column":31},"end":{"line":20,"column":86}},"8":{"start":{"line":27,"column":8},"end":{"line":27,"column":38}},"9":{"start":{"line":28,"column":8},"end":{"line":28,"column":31}},"10":{"start":{"line":32,"column":8},"end":{"line":36,"column":11}},"11":{"start":{"line":38,"column":8},"end":{"line":38,"column":20}},"12":{"start":{"line":22,"column":0},"end":{"line":22,"column":13}},"13":{"start":{"line":47,"column":8},"end":{"line":47,"column":29}},"14":{"start":{"line":49,"column":8},"end":{"line":56,"column":null}},"15":{"start":{"line":78,"column":8},"end":{"line":80,"column":9}},"16":{"start":{"line":79,"column":12},"end":{"line":79,"column":null}},"17":{"start":{"line":82,"column":8},"end":{"line":82,"column":52}},"18":{"start":{"line":84,"column":24},"end":{"line":84,"column":56}},"19":{"start":{"line":85,"column":38},"end":{"line":85,"column":58}},"20":{"start":{"line":87,"column":8},"end":{"line":91,"column":null}},"21":{"start":{"line":93,"column":8},"end":{"line":93,"column":23}},"22":{"start":{"line":115,"column":8},"end":{"line":117,"column":9}},"23":{"start":{"line":116,"column":12},"end":{"line":116,"column":null}},"24":{"start":{"line":119,"column":8},"end":{"line":119,"column":52}},"25":{"start":{"line":121,"column":24},"end":{"line":121,"column":56}},"26":{"start":{"line":122,"column":38},"end":{"line":122,"column":58}},"27":{"start":{"line":124,"column":8},"end":{"line":128,"column":null}},"28":{"start":{"line":130,"column":8},"end":{"line":130,"column":23}},"29":{"start":{"line":147,"column":8},"end":{"line":149,"column":9}},"30":{"start":{"line":148,"column":12},"end":{"line":148,"column":null}},"31":{"start":{"line":151,"column":8},"end":{"line":151,"column":52}},"32":{"start":{"line":153,"column":24},"end":{"line":153,"column":56}},"33":{"start":{"line":154,"column":38},"end":{"line":154,"column":58}},"34":{"start":{"line":156,"column":8},"end":{"line":160,"column":null}},"35":{"start":{"line":162,"column":8},"end":{"line":162,"column":23}},"36":{"start":{"line":179,"column":8},"end":{"line":181,"column":9}},"37":{"start":{"line":180,"column":12},"end":{"line":180,"column":null}},"38":{"start":{"line":183,"column":8},"end":{"line":183,"column":52}},"39":{"start":{"line":185,"column":24},"end":{"line":185,"column":56}},"40":{"start":{"line":186,"column":38},"end":{"line":186,"column":58}},"41":{"start":{"line":188,"column":8},"end":{"line":192,"column":null}},"42":{"start":{"line":194,"column":8},"end":{"line":194,"column":23}},"43":{"start":{"line":211,"column":8},"end":{"line":213,"column":9}},"44":{"start":{"line":212,"column":12},"end":{"line":212,"column":null}},"45":{"start":{"line":215,"column":8},"end":{"line":215,"column":52}},"46":{"start":{"line":217,"column":24},"end":{"line":217,"column":56}},"47":{"start":{"line":218,"column":38},"end":{"line":218,"column":58}},"48":{"start":{"line":220,"column":8},"end":{"line":224,"column":null}},"49":{"start":{"line":226,"column":8},"end":{"line":226,"column":23}},"50":{"start":{"line":243,"column":8},"end":{"line":245,"column":9}},"51":{"start":{"line":244,"column":12},"end":{"line":244,"column":null}},"52":{"start":{"line":247,"column":8},"end":{"line":247,"column":52}},"53":{"start":{"line":249,"column":24},"end":{"line":249,"column":56}},"54":{"start":{"line":250,"column":38},"end":{"line":250,"column":58}},"55":{"start":{"line":252,"column":8},"end":{"line":256,"column":null}},"56":{"start":{"line":258,"column":8},"end":{"line":258,"column":23}},"57":{"start":{"line":262,"column":8},"end":{"line":262,"column":null}},"58":{"start":{"line":280,"column":26},"end":{"line":280,"column":29}},"59":{"start":{"line":281,"column":37},"end":{"line":281,"column":39}},"60":{"start":{"line":282,"column":16},"end":{"line":282,"column":17}},"61":{"start":{"line":283,"column":8},"end":{"line":314,"column":9}},"62":{"start":{"line":284,"column":12},"end":{"line":313,"column":13}},"63":{"start":{"line":286,"column":33},"end":{"line":286,"column":53}},"64":{"start":{"line":287,"column":16},"end":{"line":289,"column":17}},"65":{"start":{"line":288,"column":20},"end":{"line":288,"column":82}},"66":{"start":{"line":291,"column":34},"end":{"line":291,"column":61}},"67":{"start":{"line":292,"column":16},"end":{"line":292,"column":43}},"68":{"start":{"line":293,"column":16},"end":{"line":293,"column":33}},"69":{"start":{"line":295,"column":16},"end":{"line":306,"column":17}},"70":{"start":{"line":296,"column":37},"end":{"line":296,"column":57}},"71":{"start":{"line":297,"column":20},"end":{"line":299,"column":21}},"72":{"start":{"line":298,"column":24},"end":{"line":298,"column":83}},"73":{"start":{"line":300,"column":40},"end":{"line":300,"column":67}},"74":{"start":{"line":301,"column":20},"end":{"line":301,"column":54}},"75":{"start":{"line":302,"column":20},"end":{"line":302,"column":37}},"76":{"start":{"line":305,"column":20},"end":{"line":305,"column":45}},"77":{"start":{"line":309,"column":34},"end":{"line":309,"column":54}},"78":{"start":{"line":310,"column":32},"end":{"line":310,"column":91}},"79":{"start":{"line":311,"column":16},"end":{"line":311,"column":58}},"80":{"start":{"line":312,"column":16},"end":{"line":312,"column":63}},"81":{"start":{"line":315,"column":8},"end":{"line":315,"column":29}},"82":{"start":{"line":316,"column":8},"end":{"line":316,"column":62}},"83":{"start":{"line":321,"column":8},"end":{"line":321,"column":66}},"84":{"start":{"line":325,"column":8},"end":{"line":327,"column":9}},"85":{"start":{"line":326,"column":12},"end":{"line":326,"column":null}},"86":{"start":{"line":329,"column":8},"end":{"line":330,"column":null}},"87":{"start":{"line":330,"column":12},"end":{"line":330,"column":null}},"88":{"start":{"line":332,"column":8},"end":{"line":333,"column":null}},"89":{"start":{"line":333,"column":12},"end":{"line":333,"column":null}},"90":{"start":{"line":335,"column":8},"end":{"line":337,"column":9}},"91":{"start":{"line":336,"column":12},"end":{"line":336,"column":133}},"92":{"start":{"line":339,"column":8},"end":{"line":339,"column":20}},"93":{"start":{"line":343,"column":0},"end":{"line":343,"column":26}}},"fnMap":{"0":{"name":"(anonymous_1)","decl":{"start":{"line":7,"column":23},"end":{"line":7,"column":24}},"loc":{"start":{"line":7,"column":67},"end":{"line":16,"column":1}}},"1":{"name":"(anonymous_2)","decl":{"start":{"line":20,"column":21},"end":{"line":20,"column":27}},"loc":{"start":{"line":20,"column":31},"end":{"line":20,"column":86}}},"2":{"name":"(anonymous_3)","decl":{"start":{"line":26,"column":4},"end":{"line":26,"column":16}},"loc":{"start":{"line":26,"column":45},"end":{"line":29,"column":5}}},"3":{"name":"(anonymous_4)","decl":{"start":{"line":31,"column":4},"end":{"line":31,"column":14}},"loc":{"start":{"line":31,"column":74},"end":{"line":39,"column":5}}},"4":{"name":"(anonymous_5)","decl":{"start":{"line":46,"column":4},"end":{"line":46,"column":16}},"loc":{"start":{"line":46,"column":31},"end":{"line":57,"column":5}}},"5":{"name":"(anonymous_6)","decl":{"start":{"line":77,"column":11},"end":{"line":77,"column":14}},"loc":{"start":{"line":77,"column":93},"end":{"line":94,"column":5}}},"6":{"name":"(anonymous_7)","decl":{"start":{"line":114,"column":11},"end":{"line":114,"column":15}},"loc":{"start":{"line":114,"column":94},"end":{"line":131,"column":5}}},"7":{"name":"(anonymous_8)","decl":{"start":{"line":146,"column":11},"end":{"line":146,"column":14}},"loc":{"start":{"line":146,"column":93},"end":{"line":163,"column":5}}},"8":{"name":"(anonymous_9)","decl":{"start":{"line":178,"column":11},"end":{"line":178,"column":16}},"loc":{"start":{"line":178,"column":95},"end":{"line":195,"column":5}}},"9":{"name":"(anonymous_10)","decl":{"start":{"line":210,"column":11},"end":{"line":210,"column":17}},"loc":{"start":{"line":210,"column":96},"end":{"line":227,"column":5}}},"10":{"name":"(anonymous_11)","decl":{"start":{"line":242,"column":11},"end":{"line":242,"column":18}},"loc":{"start":{"line":242,"column":97},"end":{"line":259,"column":5}}},"11":{"name":"(anonymous_12)","decl":{"start":{"line":261,"column":11},"end":{"line":261,"column":23}},"loc":{"start":{"line":261,"column":23},"end":{"line":263,"column":5}}},"12":{"name":"(anonymous_13)","decl":{"start":{"line":279,"column":12},"end":{"line":279,"column":21}},"loc":{"start":{"line":279,"column":34},"end":{"line":317,"column":5}}},"13":{"name":"(anonymous_14)","decl":{"start":{"line":319,"column":12},"end":{"line":319,"column":24}},"loc":{"start":{"line":319,"column":37},"end":{"line":322,"column":5}}},"14":{"name":"(anonymous_15)","decl":{"start":{"line":324,"column":12},"end":{"line":324,"column":29}},"loc":{"start":{"line":324,"column":42},"end":{"line":340,"column":5}}}},"branchMap":{"0":{"loc":{"start":{"line":20,"column":52},"end":{"line":20,"column":86}},"type":"binary-expr","locations":[{"start":{"line":20,"column":52},"end":{"line":20,"column":77}},{"start":{"line":20,"column":81},"end":{"line":20,"column":86}}]},"1":{"loc":{"start":{"line":31,"column":49},"end":{"line":31,"column":74}},"type":"default-arg","locations":[{"start":{"line":31,"column":69},"end":{"line":31,"column":74}}]},"2":{"loc":{"start":{"line":33,"column":21},"end":{"line":33,"column":50}},"type":"binary-expr","locations":[{"start":{"line":33,"column":21},"end":{"line":33,"column":28}},{"start":{"line":33,"column":32},"end":{"line":33,"column":50}}]},"3":{"loc":{"start":{"line":78,"column":8},"end":{"line":80,"column":9}},"type":"if","locations":[{"start":{"line":78,"column":8},"end":{"line":80,"column":9}}]},"4":{"loc":{"start":{"line":115,"column":8},"end":{"line":117,"column":9}},"type":"if","locations":[{"start":{"line":115,"column":8},"end":{"line":117,"column":9}}]},"5":{"loc":{"start":{"line":147,"column":8},"end":{"line":149,"column":9}},"type":"if","locations":[{"start":{"line":147,"column":8},"end":{"line":149,"column":9}}]},"6":{"loc":{"start":{"line":179,"column":8},"end":{"line":181,"column":9}},"type":"if","locations":[{"start":{"line":179,"column":8},"end":{"line":181,"column":9}}]},"7":{"loc":{"start":{"line":211,"column":8},"end":{"line":213,"column":9}},"type":"if","locations":[{"start":{"line":211,"column":8},"end":{"line":213,"column":9}}]},"8":{"loc":{"start":{"line":243,"column":8},"end":{"line":245,"column":9}},"type":"if","locations":[{"start":{"line":243,"column":8},"end":{"line":245,"column":9}}]},"9":{"loc":{"start":{"line":284,"column":12},"end":{"line":313,"column":13}},"type":"if","locations":[{"start":{"line":284,"column":12},"end":{"line":313,"column":13}},{"start":{"line":307,"column":19},"end":{"line":313,"column":13}}]},"10":{"loc":{"start":{"line":287,"column":16},"end":{"line":289,"column":17}},"type":"if","locations":[{"start":{"line":287,"column":16},"end":{"line":289,"column":17}}]},"11":{"loc":{"start":{"line":295,"column":16},"end":{"line":306,"column":17}},"type":"if","locations":[{"start":{"line":295,"column":16},"end":{"line":306,"column":17}},{"start":{"line":303,"column":23},"end":{"line":306,"column":17}}]},"12":{"loc":{"start":{"line":295,"column":20},"end":{"line":295,"column":54}},"type":"binary-expr","locations":[{"start":{"line":295,"column":20},"end":{"line":295,"column":35}},{"start":{"line":295,"column":39},"end":{"line":295,"column":54}}]},"13":{"loc":{"start":{"line":297,"column":20},"end":{"line":299,"column":21}},"type":"if","locations":[{"start":{"line":297,"column":20},"end":{"line":299,"column":21}}]},"14":{"loc":{"start":{"line":310,"column":32},"end":{"line":310,"column":91}},"type":"cond-expr","locations":[{"start":{"line":310,"column":51},"end":{"line":310,"column":64}},{"start":{"line":310,"column":67},"end":{"line":310,"column":91}}]},"15":{"loc":{"start":{"line":312,"column":20},"end":{"line":312,"column":62}},"type":"cond-expr","locations":[{"start":{"line":312,"column":39},"end":{"line":312,"column":50}},{"start":{"line":312,"column":53},"end":{"line":312,"column":62}}]},"16":{"loc":{"start":{"line":325,"column":8},"end":{"line":327,"column":9}},"type":"if","locations":[{"start":{"line":325,"column":8},"end":{"line":327,"column":9}}]},"17":{"loc":{"start":{"line":329,"column":8},"end":{"line":330,"column":null}},"type":"if","locations":[{"start":{"line":329,"column":8},"end":{"line":330,"column":null}}]},"18":{"loc":{"start":{"line":332,"column":8},"end":{"line":333,"column":null}},"type":"if","locations":[{"start":{"line":332,"column":8},"end":{"line":333,"column":null}}]},"19":{"loc":{"start":{"line":335,"column":8},"end":{"line":337,"column":9}},"type":"if","locations":[{"start":{"line":335,"column":8},"end":{"line":337,"column":9}}]}},"s":{"0":3,"1":3,"2":3,"3":3,"4":3,"5":0,"6":3,"7":2,"8":26,"9":26,"10":10,"11":10,"12":3,"13":30,"14":30,"15":21,"16":0,"17":21,"18":21,"19":21,"20":21,"21":21,"22":1,"23":0,"24":1,"25":1,"26":1,"27":1,"28":1,"29":1,"30":0,"31":1,"32":1,"33":1,"34":1,"35":1,"36":1,"37":0,"38":1,"39":1,"40":1,"41":1,"42":1,"43":1,"44":0,"45":1,"46":1,"47":1,"48":1,"49":1,"50":1,"51":0,"52":1,"53":1,"54":1,"55":1,"56":1,"57":54,"58":26,"59":26,"60":26,"61":26,"62":32,"63":5,"64":5,"65":0,"66":5,"67":5,"68":5,"69":5,"70":1,"71":1,"72":0,"73":1,"74":1,"75":1,"76":4,"77":27,"78":27,"79":27,"80":27,"81":26,"82":26,"83":27,"84":26,"85":2,"86":26,"87":0,"88":26,"89":0,"90":26,"91":0,"92":26,"93":3},"f":{"0":0,"1":2,"2":26,"3":10,"4":30,"5":21,"6":1,"7":1,"8":1,"9":1,"10":1,"11":54,"12":26,"13":27,"14":26},"b":{"0":[2,2],"1":[8],"2":[10,8],"3":[0],"4":[0],"5":[0],"6":[0],"7":[0],"8":[0],"9":[5,27],"10":[0],"11":[1,4],"12":[5,2],"13":[0],"14":[22,5],"15":[22,5],"16":[2],"17":[0],"18":[0],"19":[0]}}
,"/home/mrmkz/Documents/packages/AxonJs/src/Router/exceptions/RouterException.ts": {"path":"/home/mrmkz/Documents/packages/AxonJs/src/Router/exceptions/RouterException.ts","statementMap":{"0":{"start":{"line":8,"column":8},"end":{"line":8,"column":null}},"1":{"start":{"line":9,"column":8},"end":{"line":9,"column":null}},"2":{"start":{"line":10,"column":8},"end":{"line":10,"column":null}},"3":{"start":{"line":14,"column":0},"end":{"line":14,"column":31}}},"fnMap":{"0":{"name":"(anonymous_0)","decl":{"start":{"line":7,"column":4},"end":{"line":7,"column":16}},"loc":{"start":{"line":7,"column":43},"end":{"line":11,"column":5}}}},"branchMap":{},"s":{"0":0,"1":0,"2":0,"3":3},"f":{"0":0},"b":{}}
,"/home/mrmkz/Documents/packages/AxonJs/src/core/AxonCore.ts": {"path":"/home/mrmkz/Documents/packages/AxonJs/src/core/AxonCore.ts","statementMap":{"0":{"start":{"line":1,"column":0},"end":{"line":1,"column":29}},"1":{"start":{"line":2,"column":0},"end":{"line":2,"column":31}},"2":{"start":{"line":3,"column":0},"end":{"line":3,"column":43}},"3":{"start":{"line":7,"column":0},"end":{"line":7,"column":44}},"4":{"start":{"line":8,"column":0},"end":{"line":8,"column":52}},"5":{"start":{"line":18,"column":0},"end":{"line":18,"column":70}},"6":{"start":{"line":24,"column":0},"end":{"line":24,"column":53}},"7":{"start":{"line":25,"column":0},"end":{"line":25,"column":51}},"8":{"start":{"line":26,"column":0},"end":{"line":26,"column":39}},"9":{"start":{"line":27,"column":0},"end":{"line":27,"column":52}},"10":{"start":{"line":28,"column":0},"end":{"line":28,"column":89}},"11":{"start":{"line":32,"column":25},"end":{"line":36,"column":null}},"12":{"start":{"line":82,"column":41},"end":{"line":82,"column":59}},"13":{"start":{"line":90,"column":8},"end":{"line":93,"column":null}},"14":{"start":{"line":95,"column":8},"end":{"line":102,"column":null}},"15":{"start":{"line":104,"column":8},"end":{"line":104,"column":36}},"16":{"start":{"line":106,"column":8},"end":{"line":106,"column":25}},"17":{"start":{"line":107,"column":8},"end":{"line":107,"column":35}},"18":{"start":{"line":108,"column":8},"end":{"line":108,"column":31}},"19":{"start":{"line":109,"column":8},"end":{"line":109,"column":34}},"20":{"start":{"line":111,"column":8},"end":{"line":111,"column":55}},"21":{"start":{"line":113,"column":8},"end":{"line":113,"column":33}},"22":{"start":{"line":132,"column":8},"end":{"line":132,"column":51}},"23":{"start":{"line":136,"column":8},"end":{"line":136,"column":56}},"24":{"start":{"line":144,"column":8},"end":{"line":144,"column":44}},"25":{"start":{"line":146,"column":8},"end":{"line":146,"column":34}},"26":{"start":{"line":162,"column":8},"end":{"line":162,"column":32}},"27":{"start":{"line":166,"column":42},"end":{"line":166,"column":63}},"28":{"start":{"line":174,"column":9},"end":{"line":187,"column":null}},"29":{"start":{"line":175,"column":12},"end":{"line":186,"column":13}},"30":{"start":{"line":176,"column":16},"end":{"line":185,"column":null}},"31":{"start":{"line":177,"column":20},"end":{"line":184,"column":21}},"32":{"start":{"line":178,"column":24},"end":{"line":178,"column":81}},"33":{"start":{"line":179,"column":24},"end":{"line":179,"column":84}},"34":{"start":{"line":181,"column":24},"end":{"line":181,"column":null}},"35":{"start":{"line":183,"column":24},"end":{"line":183,"column":null}},"36":{"start":{"line":189,"column":8},"end":{"line":189,"column":33}},"37":{"start":{"line":223,"column":8},"end":{"line":223,"column":82}},"38":{"start":{"line":232,"column":8},"end":{"line":232,"column":null}},"39":{"start":{"line":245,"column":8},"end":{"line":245,"column":69}},"40":{"start":{"line":247,"column":8},"end":{"line":253,"column":9}},"41":{"start":{"line":248,"column":12},"end":{"line":252,"column":null}},"42":{"start":{"line":255,"column":8},"end":{"line":265,"column":9}},"43":{"start":{"line":256,"column":12},"end":{"line":264,"column":13}},"44":{"start":{"line":257,"column":16},"end":{"line":263,"column":17}},"45":{"start":{"line":258,"column":20},"end":{"line":262,"column":23}},"46":{"start":{"line":267,"column":8},"end":{"line":267,"column":null}},"47":{"start":{"line":274,"column":8},"end":{"line":274,"column":36}},"48":{"start":{"line":284,"column":8},"end":{"line":288,"column":null}},"49":{"start":{"line":285,"column":12},"end":{"line":285,"column":null}},"50":{"start":{"line":287,"column":12},"end":{"line":287,"column":41}},"51":{"start":{"line":290,"column":8},"end":{"line":299,"column":9}},"52":{"start":{"line":291,"column":12},"end":{"line":298,"column":null}},"53":{"start":{"line":301,"column":23},"end":{"line":301,"column":54}},"54":{"start":{"line":303,"column":25},"end":{"line":303,"column":30}},"55":{"start":{"line":305,"column":8},"end":{"line":314,"column":9}},"56":{"start":{"line":306,"column":12},"end":{"line":313,"column":null}},"57":{"start":{"line":316,"column":8},"end":{"line":413,"column":9}},"58":{"start":{"line":317,"column":26},"end":{"line":317,"column":72}},"59":{"start":{"line":320,"column":29},"end":{"line":320,"column":46}},"60":{"start":{"line":323,"column":41},"end":{"line":323,"column":63}},"61":{"start":{"line":325,"column":26},"end":{"line":325,"column":87}},"62":{"start":{"line":327,"column":12},"end":{"line":401,"column":13}},"63":{"start":{"line":328,"column":16},"end":{"line":400,"column":17}},"64":{"start":{"line":329,"column":20},"end":{"line":389,"column":21}},"65":{"start":{"line":330,"column":24},"end":{"line":330,"column":null}},"66":{"start":{"line":332,"column":38},"end":{"line":332,"column":63}},"67":{"start":{"line":336,"column":75},"end":{"line":336,"column":77}},"68":{"start":{"line":337,"column":80},"end":{"line":337,"column":82}},"69":{"start":{"line":339,"column":24},"end":{"line":341,"column":27}},"70":{"start":{"line":340,"column":28},"end":{"line":340,"column":59}},"71":{"start":{"line":345,"column":24},"end":{"line":348,"column":25}},"72":{"start":{"line":346,"column":52},"end":{"line":346,"column":68}},"73":{"start":{"line":347,"column":28},"end":{"line":347,"column":93}},"74":{"start":{"line":350,"column":24},"end":{"line":350,"column":44}},"75":{"start":{"line":351,"column":24},"end":{"line":351,"column":48}},"76":{"start":{"line":353,"column":65},"end":{"line":353,"column":97}},"77":{"start":{"line":355,"column":59},"end":{"line":355,"column":90}},"78":{"start":{"line":357,"column":41},"end":{"line":357,"column":91}},"79":{"start":{"line":359,"column":70},"end":{"line":362,"column":26}},"80":{"start":{"line":365,"column":24},"end":{"line":385,"column":49}},"81":{"start":{"line":366,"column":28},"end":{"line":384,"column":55}},"82":{"start":{"line":367,"column":32},"end":{"line":383,"column":48}},"83":{"start":{"line":368,"column":36},"end":{"line":368,"column":63}},"84":{"start":{"line":371,"column":36},"end":{"line":382,"column":37}},"85":{"start":{"line":372,"column":40},"end":{"line":379,"column":null}},"86":{"start":{"line":381,"column":40},"end":{"line":381,"column":null}},"87":{"start":{"line":388,"column":24},"end":{"line":388,"column":33}},"88":{"start":{"line":391,"column":20},"end":{"line":391,"column":null}},"89":{"start":{"line":393,"column":20},"end":{"line":399,"column":23}},"90":{"start":{"line":403,"column":12},"end":{"line":411,"column":13}},"91":{"start":{"line":404,"column":16},"end":{"line":410,"column":19}},"92":{"start":{"line":429,"column":20},"end":{"line":429,"column":21}},"93":{"start":{"line":431,"column":34},"end":{"line":482,"column":9}},"94":{"start":{"line":432,"column":12},"end":{"line":481,"column":13}},"95":{"start":{"line":433,"column":35},"end":{"line":433,"column":55}},"96":{"start":{"line":435,"column":16},"end":{"line":478,"column":17}},"97":{"start":{"line":437,"column":40},"end":{"line":443,"column":22}},"98":{"start":{"line":438,"column":44},"end":{"line":441,"column":25}},"99":{"start":{"line":439,"column":28},"end":{"line":439,"column":38}},"100":{"start":{"line":440,"column":28},"end":{"line":440,"column":54}},"101":{"start":{"line":442,"column":24},"end":{"line":442,"column":69}},"102":{"start":{"line":446,"column":20},"end":{"line":453,"column":23}},"103":{"start":{"line":449,"column":28},"end":{"line":451,"column":51}},"104":{"start":{"line":450,"column":32},"end":{"line":450,"column":111}},"105":{"start":{"line":455,"column":20},"end":{"line":477,"column":21}},"106":{"start":{"line":457,"column":24},"end":{"line":462,"column":67}},"107":{"start":{"line":464,"column":24},"end":{"line":472,"column":27}},"108":{"start":{"line":475,"column":24},"end":{"line":475,"column":127}},"109":{"start":{"line":476,"column":24},"end":{"line":476,"column":50}},"110":{"start":{"line":480,"column":16},"end":{"line":480,"column":29}},"111":{"start":{"line":484,"column":8},"end":{"line":484,"column":34}},"112":{"start":{"line":488,"column":8},"end":{"line":490,"column":9}},"113":{"start":{"line":489,"column":12},"end":{"line":489,"column":null}},"114":{"start":{"line":492,"column":8},"end":{"line":494,"column":9}},"115":{"start":{"line":493,"column":12},"end":{"line":493,"column":null}},"116":{"start":{"line":496,"column":8},"end":{"line":496,"column":null}},"117":{"start":{"line":498,"column":8},"end":{"line":504,"column":9}},"118":{"start":{"line":499,"column":12},"end":{"line":503,"column":13}},"119":{"start":{"line":500,"column":16},"end":{"line":502,"column":17}},"120":{"start":{"line":501,"column":20},"end":{"line":501,"column":null}},"121":{"start":{"line":506,"column":8},"end":{"line":506,"column":32}},"122":{"start":{"line":509,"column":8},"end":{"line":520,"column":9}},"123":{"start":{"line":510,"column":12},"end":{"line":517,"column":null}},"124":{"start":{"line":519,"column":12},"end":{"line":519,"column":null}},"125":{"start":{"line":522,"column":8},"end":{"line":522,"column":null}},"126":{"start":{"line":540,"column":30},"end":{"line":553,"column":9}},"127":{"start":{"line":541,"column":12},"end":{"line":552,"column":15}},"128":{"start":{"line":542,"column":33},"end":{"line":551,"column":23}},"129":{"start":{"line":543,"column":20},"end":{"line":550,"column":21}},"130":{"start":{"line":544,"column":24},"end":{"line":544,"column":69}},"131":{"start":{"line":545,"column":24},"end":{"line":545,"column":48}},"132":{"start":{"line":546,"column":24},"end":{"line":546,"column":34}},"133":{"start":{"line":547,"column":27},"end":{"line":550,"column":21}},"134":{"start":{"line":548,"column":24},"end":{"line":548,"column":48}},"135":{"start":{"line":549,"column":24},"end":{"line":549,"column":34}},"136":{"start":{"line":556,"column":8},"end":{"line":565,"column":null}},"137":{"start":{"line":563,"column":12},"end":{"line":563,"column":69}},"138":{"start":{"line":564,"column":12},"end":{"line":564,"column":null}},"139":{"start":{"line":568,"column":28},"end":{"line":578,"column":9}},"140":{"start":{"line":569,"column":12},"end":{"line":577,"column":13}},"141":{"start":{"line":570,"column":16},"end":{"line":570,"column":58}},"142":{"start":{"line":572,"column":16},"end":{"line":572,"column":41}},"143":{"start":{"line":574,"column":16},"end":{"line":574,"column":null}},"144":{"start":{"line":576,"column":16},"end":{"line":576,"column":null}},"145":{"start":{"line":581,"column":28},"end":{"line":598,"column":9}},"146":{"start":{"line":582,"column":12},"end":{"line":597,"column":13}},"147":{"start":{"line":584,"column":20},"end":{"line":588,"column":21}},"148":{"start":{"line":585,"column":24},"end":{"line":585,"column":null}},"149":{"start":{"line":587,"column":24},"end":{"line":587,"column":null}},"150":{"start":{"line":590,"column":20},"end":{"line":594,"column":21}},"151":{"start":{"line":591,"column":24},"end":{"line":591,"column":null}},"152":{"start":{"line":593,"column":24},"end":{"line":593,"column":null}},"153":{"start":{"line":596,"column":20},"end":{"line":596,"column":null}},"154":{"start":{"line":600,"column":30},"end":{"line":600,"column":83}},"155":{"start":{"line":600,"column":36},"end":{"line":600,"column":83}},"156":{"start":{"line":603,"column":8},"end":{"line":605,"column":9}},"157":{"start":{"line":604,"column":12},"end":{"line":604,"column":90}},"158":{"start":{"line":607,"column":8},"end":{"line":607,"column":null}},"159":{"start":{"line":610,"column":8},"end":{"line":624,"column":9}},"160":{"start":{"line":611,"column":12},"end":{"line":623,"column":null}},"161":{"start":{"line":612,"column":16},"end":{"line":618,"column":17}},"162":{"start":{"line":613,"column":20},"end":{"line":615,"column":21}},"163":{"start":{"line":614,"column":24},"end":{"line":614,"column":117}},"164":{"start":{"line":616,"column":23},"end":{"line":618,"column":17}},"165":{"start":{"line":617,"column":20},"end":{"line":617,"column":111}},"166":{"start":{"line":620,"column":16},"end":{"line":622,"column":17}},"167":{"start":{"line":621,"column":20},"end":{"line":621,"column":null}},"168":{"start":{"line":627,"column":8},"end":{"line":627,"column":88}},"169":{"start":{"line":627,"column":69},"end":{"line":627,"column":86}},"170":{"start":{"line":628,"column":8},"end":{"line":628,"column":85}},"171":{"start":{"line":628,"column":67},"end":{"line":628,"column":83}},"172":{"start":{"line":630,"column":8},"end":{"line":633,"column":11}},"173":{"start":{"line":631,"column":12},"end":{"line":631,"column":null}},"174":{"start":{"line":632,"column":12},"end":{"line":632,"column":null}},"175":{"start":{"line":635,"column":8},"end":{"line":638,"column":11}},"176":{"start":{"line":636,"column":12},"end":{"line":636,"column":null}},"177":{"start":{"line":637,"column":12},"end":{"line":637,"column":null}},"178":{"start":{"line":650,"column":8},"end":{"line":662,"column":9}},"179":{"start":{"line":651,"column":12},"end":{"line":654,"column":13}},"180":{"start":{"line":652,"column":16},"end":{"line":652,"column":42}},"181":{"start":{"line":653,"column":16},"end":{"line":653,"column":50}},"182":{"start":{"line":656,"column":12},"end":{"line":659,"column":13}},"183":{"start":{"line":657,"column":16},"end":{"line":657,"column":43}},"184":{"start":{"line":658,"column":16},"end":{"line":658,"column":51}},"185":{"start":{"line":661,"column":12},"end":{"line":661,"column":24}},"186":{"start":{"line":664,"column":8},"end":{"line":668,"column":9}},"187":{"start":{"line":665,"column":12},"end":{"line":665,"column":41}},"188":{"start":{"line":666,"column":12},"end":{"line":666,"column":51}},"189":{"start":{"line":667,"column":12},"end":{"line":667,"column":24}},"190":{"start":{"line":670,"column":8},"end":{"line":670,"column":21}},"191":{"start":{"line":686,"column":8},"end":{"line":686,"column":28}},"192":{"start":{"line":38,"column":0},"end":{"line":38,"column":21}}},"fnMap":{"0":{"name":"(anonymous_7)","decl":{"start":{"line":89,"column":4},"end":{"line":89,"column":null}},"loc":{"start":{"line":89,"column":4},"end":{"line":114,"column":5}}},"1":{"name":"(anonymous_8)","decl":{"start":{"line":131,"column":4},"end":{"line":131,"column":9}},"loc":{"start":{"line":131,"column":39},"end":{"line":133,"column":5}}},"2":{"name":"(anonymous_9)","decl":{"start":{"line":161,"column":4},"end":{"line":161,"column":9}},"loc":{"start":{"line":161,"column":34},"end":{"line":190,"column":5}}},"3":{"name":"(anonymous_10)","decl":{"start":{"line":174,"column":72},"end":{"line":174,"column":73}},"loc":{"start":{"line":174,"column":83},"end":{"line":187,"column":9}}},"4":{"name":"(anonymous_11)","decl":{"start":{"line":176,"column":58},"end":{"line":176,"column":59}},"loc":{"start":{"line":176,"column":68},"end":{"line":185,"column":17}}},"5":{"name":"(anonymous_12)","decl":{"start":{"line":222,"column":4},"end":{"line":222,"column":9}},"loc":{"start":{"line":222,"column":66},"end":{"line":224,"column":5}}},"6":{"name":"(anonymous_13)","decl":{"start":{"line":231,"column":4},"end":{"line":231,"column":9}},"loc":{"start":{"line":231,"column":22},"end":{"line":233,"column":5}}},"7":{"name":"(anonymous_14)","decl":{"start":{"line":244,"column":4},"end":{"line":244,"column":9}},"loc":{"start":{"line":244,"column":101},"end":{"line":268,"column":5}}},"8":{"name":"(anonymous_15)","decl":{"start":{"line":273,"column":4},"end":{"line":273,"column":26}},"loc":{"start":{"line":273,"column":26},"end":{"line":275,"column":5}}},"9":{"name":"(anonymous_16)","decl":{"start":{"line":284,"column":21},"end":{"line":284,"column":22}},"loc":{"start":{"line":284,"column":38},"end":{"line":288,"column":9}}},"10":{"name":"(anonymous_17)","decl":{"start":{"line":339,"column":52},"end":{"line":339,"column":53}},"loc":{"start":{"line":339,"column":83},"end":{"line":341,"column":25}}},"11":{"name":"(anonymous_18)","decl":{"start":{"line":365,"column":62},"end":{"line":365,"column":67}},"loc":{"start":{"line":365,"column":73},"end":{"line":385,"column":25}}},"12":{"name":"(anonymous_19)","decl":{"start":{"line":366,"column":66},"end":{"line":366,"column":71}},"loc":{"start":{"line":366,"column":77},"end":{"line":384,"column":29}}},"13":{"name":"(anonymous_20)","decl":{"start":{"line":367,"column":70},"end":{"line":367,"column":75}},"loc":{"start":{"line":367,"column":81},"end":{"line":383,"column":33}}},"14":{"name":"(anonymous_21)","decl":{"start":{"line":423,"column":12},"end":{"line":423,"column":17}},"loc":{"start":{"line":427,"column":40},"end":{"line":485,"column":5}}},"15":{"name":"(anonymous_22)","decl":{"start":{"line":431,"column":34},"end":{"line":431,"column":39}},"loc":{"start":{"line":431,"column":45},"end":{"line":482,"column":9}}},"16":{"name":"(anonymous_23)","decl":{"start":{"line":437,"column":58},"end":{"line":437,"column":59}},"loc":{"start":{"line":437,"column":70},"end":{"line":443,"column":21}}},"17":{"name":"(anonymous_24)","decl":{"start":{"line":438,"column":44},"end":{"line":438,"column":49}},"loc":{"start":{"line":438,"column":55},"end":{"line":441,"column":25}}},"18":{"name":"(anonymous_25)","decl":{"start":{"line":448,"column":42},"end":{"line":448,"column":43}},"loc":{"start":{"line":448,"column":56},"end":{"line":452,"column":25}}},"19":{"name":"(anonymous_26)","decl":{"start":{"line":449,"column":39},"end":{"line":449,"column":42}},"loc":{"start":{"line":449,"column":44},"end":{"line":451,"column":29}}},"20":{"name":"(anonymous_27)","decl":{"start":{"line":487,"column":12},"end":{"line":487,"column":20}},"loc":{"start":{"line":487,"column":73},"end":{"line":523,"column":5}}},"21":{"name":"(anonymous_28)","decl":{"start":{"line":538,"column":4},"end":{"line":538,"column":10}},"loc":{"start":{"line":538,"column":128},"end":{"line":639,"column":5}}},"22":{"name":"(anonymous_29)","decl":{"start":{"line":540,"column":30},"end":{"line":540,"column":35}},"loc":{"start":{"line":540,"column":56},"end":{"line":553,"column":9}}},"23":{"name":"(anonymous_30)","decl":{"start":{"line":541,"column":31},"end":{"line":541,"column":32}},"loc":{"start":{"line":541,"column":43},"end":{"line":552,"column":13}}},"24":{"name":"(anonymous_31)","decl":{"start":{"line":542,"column":45},"end":{"line":542,"column":48}},"loc":{"start":{"line":542,"column":50},"end":{"line":551,"column":17}}},"25":{"name":"(anonymous_32)","decl":{"start":{"line":560,"column":16},"end":{"line":560,"column":19}},"loc":{"start":{"line":560,"column":21},"end":{"line":562,"column":9}}},"26":{"name":"(anonymous_33)","decl":{"start":{"line":562,"column":17},"end":{"line":562,"column":18}},"loc":{"start":{"line":562,"column":27},"end":{"line":565,"column":9}}},"27":{"name":"(anonymous_34)","decl":{"start":{"line":568,"column":28},"end":{"line":568,"column":33}},"loc":{"start":{"line":568,"column":90},"end":{"line":578,"column":9}}},"28":{"name":"(anonymous_35)","decl":{"start":{"line":581,"column":28},"end":{"line":581,"column":29}},"loc":{"start":{"line":581,"column":45},"end":{"line":598,"column":9}}},"29":{"name":"(anonymous_36)","decl":{"start":{"line":600,"column":30},"end":{"line":600,"column":33}},"loc":{"start":{"line":600,"column":36},"end":{"line":600,"column":83}}},"30":{"name":"(anonymous_37)","decl":{"start":{"line":611,"column":23},"end":{"line":611,"column":24}},"loc":{"start":{"line":611,"column":41},"end":{"line":623,"column":13}}},"31":{"name":"(anonymous_38)","decl":{"start":{"line":627,"column":63},"end":{"line":627,"column":66}},"loc":{"start":{"line":627,"column":69},"end":{"line":627,"column":86}}},"32":{"name":"(anonymous_39)","decl":{"start":{"line":628,"column":61},"end":{"line":628,"column":64}},"loc":{"start":{"line":628,"column":67},"end":{"line":628,"column":83}}},"33":{"name":"(anonymous_40)","decl":{"start":{"line":630,"column":40},"end":{"line":630,"column":41}},"loc":{"start":{"line":630,"column":46},"end":{"line":633,"column":9}}},"34":{"name":"(anonymous_41)","decl":{"start":{"line":635,"column":39},"end":{"line":635,"column":40}},"loc":{"start":{"line":635,"column":45},"end":{"line":638,"column":9}}},"35":{"name":"(anonymous_42)","decl":{"start":{"line":649,"column":4},"end":{"line":649,"column":9}},"loc":{"start":{"line":649,"column":35},"end":{"line":671,"column":5}}},"36":{"name":"(anonymous_43)","decl":{"start":{"line":682,"column":4},"end":{"line":682,"column":14}},"loc":{"start":{"line":682,"column":14},"end":{"line":687,"column":5}}}},"branchMap":{"0":{"loc":{"start":{"line":175,"column":12},"end":{"line":186,"column":13}},"type":"if","locations":[{"start":{"line":175,"column":12},"end":{"line":186,"column":13}}]},"1":{"loc":{"start":{"line":177,"column":20},"end":{"line":184,"column":21}},"type":"if","locations":[{"start":{"line":177,"column":20},"end":{"line":184,"column":21}},{"start":{"line":182,"column":27},"end":{"line":184,"column":21}}]},"2":{"loc":{"start":{"line":244,"column":76},"end":{"line":244,"column":101}},"type":"default-arg","locations":[{"start":{"line":244,"column":96},"end":{"line":244,"column":101}}]},"3":{"loc":{"start":{"line":245,"column":18},"end":{"line":245,"column":68}},"type":"binary-expr","locations":[{"start":{"line":245,"column":18},"end":{"line":245,"column":25}},{"start":{"line":245,"column":29},"end":{"line":245,"column":59}},{"start":{"line":245,"column":63},"end":{"line":245,"column":68}}]},"4":{"loc":{"start":{"line":247,"column":8},"end":{"line":253,"column":9}},"type":"if","locations":[{"start":{"line":247,"column":8},"end":{"line":253,"column":9}}]},"5":{"loc":{"start":{"line":255,"column":8},"end":{"line":265,"column":9}},"type":"if","locations":[{"start":{"line":255,"column":8},"end":{"line":265,"column":9}}]},"6":{"loc":{"start":{"line":257,"column":16},"end":{"line":263,"column":17}},"type":"if","locations":[{"start":{"line":257,"column":16},"end":{"line":263,"column":17}}]},"7":{"loc":{"start":{"line":290,"column":8},"end":{"line":299,"column":9}},"type":"if","locations":[{"start":{"line":290,"column":8},"end":{"line":299,"column":9}}]},"8":{"loc":{"start":{"line":294,"column":24},"end":{"line":295,"column":105}},"type":"binary-expr","locations":[{"start":{"line":294,"column":24},"end":{"line":294,"column":116}},{"start":{"line":295,"column":27},"end":{"line":295,"column":105}}]},"9":{"loc":{"start":{"line":305,"column":8},"end":{"line":314,"column":9}},"type":"if","locations":[{"start":{"line":305,"column":8},"end":{"line":314,"column":9}}]},"10":{"loc":{"start":{"line":309,"column":24},"end":{"line":310,"column":92}},"type":"binary-expr","locations":[{"start":{"line":309,"column":24},"end":{"line":309,"column":103}},{"start":{"line":310,"column":27},"end":{"line":310,"column":92}}]},"11":{"loc":{"start":{"line":327,"column":12},"end":{"line":401,"column":13}},"type":"if","locations":[{"start":{"line":327,"column":12},"end":{"line":401,"column":13}}]},"12":{"loc":{"start":{"line":329,"column":20},"end":{"line":389,"column":21}},"type":"if","locations":[{"start":{"line":329,"column":20},"end":{"line":389,"column":21}},{"start":{"line":387,"column":27},"end":{"line":389,"column":21}}]},"13":{"loc":{"start":{"line":360,"column":37},"end":{"line":360,"column":76}},"type":"binary-expr","locations":[{"start":{"line":360,"column":37},"end":{"line":360,"column":67}},{"start":{"line":360,"column":71},"end":{"line":360,"column":76}}]},"14":{"loc":{"start":{"line":371,"column":36},"end":{"line":382,"column":37}},"type":"if","locations":[{"start":{"line":371,"column":36},"end":{"line":382,"column":37}},{"start":{"line":380,"column":43},"end":{"line":382,"column":37}}]},"15":{"loc":{"start":{"line":395,"column":37},"end":{"line":396,"column":60}},"type":"binary-expr","locations":[{"start":{"line":395,"column":37},"end":{"line":395,"column":79}},{"start":{"line":396,"column":32},"end":{"line":396,"column":60}}]},"16":{"loc":{"start":{"line":403,"column":12},"end":{"line":411,"column":13}},"type":"if","locations":[{"start":{"line":403,"column":12},"end":{"line":411,"column":13}}]},"17":{"loc":{"start":{"line":403,"column":16},"end":{"line":403,"column":87}},"type":"binary-expr","locations":[{"start":{"line":403,"column":16},"end":{"line":403,"column":27}},{"start":{"line":403,"column":32},"end":{"line":403,"column":86}}]},"18":{"loc":{"start":{"line":406,"column":33},"end":{"line":407,"column":93}},"type":"binary-expr","locations":[{"start":{"line":406,"column":33},"end":{"line":406,"column":112}},{"start":{"line":407,"column":28},"end":{"line":407,"column":93}}]},"19":{"loc":{"start":{"line":432,"column":12},"end":{"line":481,"column":13}},"type":"if","locations":[{"start":{"line":432,"column":12},"end":{"line":481,"column":13}},{"start":{"line":479,"column":19},"end":{"line":481,"column":13}}]},"20":{"loc":{"start":{"line":455,"column":20},"end":{"line":477,"column":21}},"type":"if","locations":[{"start":{"line":455,"column":20},"end":{"line":477,"column":21}},{"start":{"line":473,"column":27},"end":{"line":477,"column":21}}]},"21":{"loc":{"start":{"line":458,"column":37},"end":{"line":459,"column":60}},"type":"binary-expr","locations":[{"start":{"line":458,"column":37},"end":{"line":458,"column":79}},{"start":{"line":459,"column":32},"end":{"line":459,"column":60}}]},"22":{"loc":{"start":{"line":460,"column":35},"end":{"line":460,"column":87}},"type":"cond-expr","locations":[{"start":{"line":460,"column":58},"end":{"line":460,"column":69}},{"start":{"line":460,"column":72},"end":{"line":460,"column":87}}]},"23":{"loc":{"start":{"line":466,"column":41},"end":{"line":467,"column":64}},"type":"binary-expr","locations":[{"start":{"line":466,"column":41},"end":{"line":466,"column":83}},{"start":{"line":467,"column":36},"end":{"line":467,"column":64}}]},"24":{"loc":{"start":{"line":468,"column":39},"end":{"line":468,"column":91}},"type":"cond-expr","locations":[{"start":{"line":468,"column":62},"end":{"line":468,"column":73}},{"start":{"line":468,"column":76},"end":{"line":468,"column":91}}]},"25":{"loc":{"start":{"line":475,"column":71},"end":{"line":475,"column":123}},"type":"cond-expr","locations":[{"start":{"line":475,"column":94},"end":{"line":475,"column":105}},{"start":{"line":475,"column":108},"end":{"line":475,"column":123}}]},"26":{"loc":{"start":{"line":488,"column":8},"end":{"line":490,"column":9}},"type":"if","locations":[{"start":{"line":488,"column":8},"end":{"line":490,"column":9}}]},"27":{"loc":{"start":{"line":492,"column":8},"end":{"line":494,"column":9}},"type":"if","locations":[{"start":{"line":492,"column":8},"end":{"line":494,"column":9}}]},"28":{"loc":{"start":{"line":498,"column":8},"end":{"line":504,"column":9}},"type":"if","locations":[{"start":{"line":498,"column":8},"end":{"line":504,"column":9}}]},"29":{"loc":{"start":{"line":500,"column":16},"end":{"line":502,"column":17}},"type":"if","locations":[{"start":{"line":500,"column":16},"end":{"line":502,"column":17}}]},"30":{"loc":{"start":{"line":509,"column":8},"end":{"line":520,"column":9}},"type":"if","locations":[{"start":{"line":509,"column":8},"end":{"line":520,"column":9}},{"start":{"line":518,"column":15},"end":{"line":520,"column":9}}]},"31":{"loc":{"start":{"line":538,"column":11},"end":{"line":538,"column":37}},"type":"default-arg","locations":[{"start":{"line":538,"column":26},"end":{"line":538,"column":37}}]},"32":{"loc":{"start":{"line":538,"column":39},"end":{"line":538,"column":92}},"type":"default-arg","locations":[{"start":{"line":538,"column":88},"end":{"line":538,"column":92}}]},"33":{"loc":{"start":{"line":543,"column":20},"end":{"line":550,"column":21}},"type":"if","locations":[{"start":{"line":543,"column":20},"end":{"line":550,"column":21}},{"start":{"line":547,"column":27},"end":{"line":550,"column":21}}]},"34":{"loc":{"start":{"line":543,"column":24},"end":{"line":543,"column":63}},"type":"binary-expr","locations":[{"start":{"line":543,"column":24},"end":{"line":543,"column":41}},{"start":{"line":543,"column":45},"end":{"line":543,"column":63}}]},"35":{"loc":{"start":{"line":547,"column":27},"end":{"line":550,"column":21}},"type":"if","locations":[{"start":{"line":547,"column":27},"end":{"line":550,"column":21}}]},"36":{"loc":{"start":{"line":582,"column":12},"end":{"line":597,"column":13}},"type":"switch","locations":[{"start":{"line":583,"column":16},"end":{"line":588,"column":21}},{"start":{"line":589,"column":16},"end":{"line":594,"column":21}},{"start":{"line":595,"column":16},"end":{"line":596,"column":null}}]},"37":{"loc":{"start":{"line":584,"column":20},"end":{"line":588,"column":21}},"type":"if","locations":[{"start":{"line":584,"column":20},"end":{"line":588,"column":21}},{"start":{"line":586,"column":27},"end":{"line":588,"column":21}}]},"38":{"loc":{"start":{"line":590,"column":20},"end":{"line":594,"column":21}},"type":"if","locations":[{"start":{"line":590,"column":20},"end":{"line":594,"column":21}},{"start":{"line":592,"column":27},"end":{"line":594,"column":21}}]},"39":{"loc":{"start":{"line":600,"column":48},"end":{"line":600,"column":71}},"type":"binary-expr","locations":[{"start":{"line":600,"column":48},"end":{"line":600,"column":65}},{"start":{"line":600,"column":69},"end":{"line":600,"column":71}}]},"40":{"loc":{"start":{"line":603,"column":8},"end":{"line":605,"column":9}},"type":"if","locations":[{"start":{"line":603,"column":8},"end":{"line":605,"column":9}}]},"41":{"loc":{"start":{"line":604,"column":52},"end":{"line":604,"column":75}},"type":"binary-expr","locations":[{"start":{"line":604,"column":52},"end":{"line":604,"column":69}},{"start":{"line":604,"column":73},"end":{"line":604,"column":75}}]},"42":{"loc":{"start":{"line":610,"column":8},"end":{"line":624,"column":9}},"type":"if","locations":[{"start":{"line":610,"column":8},"end":{"line":624,"column":9}}]},"43":{"loc":{"start":{"line":612,"column":16},"end":{"line":618,"column":17}},"type":"if","locations":[{"start":{"line":612,"column":16},"end":{"line":618,"column":17}},{"start":{"line":616,"column":23},"end":{"line":618,"column":17}}]},"44":{"loc":{"start":{"line":613,"column":20},"end":{"line":615,"column":21}},"type":"if","locations":[{"start":{"line":613,"column":20},"end":{"line":615,"column":21}}]},"45":{"loc":{"start":{"line":616,"column":23},"end":{"line":618,"column":17}},"type":"if","locations":[{"start":{"line":616,"column":23},"end":{"line":618,"column":17}}]},"46":{"loc":{"start":{"line":620,"column":16},"end":{"line":622,"column":17}},"type":"if","locations":[{"start":{"line":620,"column":16},"end":{"line":622,"column":17}}]},"47":{"loc":{"start":{"line":650,"column":8},"end":{"line":662,"column":9}},"type":"if","locations":[{"start":{"line":650,"column":8},"end":{"line":662,"column":9}}]},"48":{"loc":{"start":{"line":651,"column":12},"end":{"line":654,"column":13}},"type":"if","locations":[{"start":{"line":651,"column":12},"end":{"line":654,"column":13}}]},"49":{"loc":{"start":{"line":656,"column":12},"end":{"line":659,"column":13}},"type":"if","locations":[{"start":{"line":656,"column":12},"end":{"line":659,"column":13}}]},"50":{"loc":{"start":{"line":664,"column":8},"end":{"line":668,"column":9}},"type":"if","locations":[{"start":{"line":664,"column":8},"end":{"line":668,"column":9}}]}},"s":{"0":3,"1":3,"2":3,"3":3,"4":3,"5":3,"6":3,"7":3,"8":3,"9":3,"10":3,"11":3,"12":3,"13":3,"14":3,"15":3,"16":3,"17":3,"18":3,"19":3,"20":3,"21":3,"22":0,"23":3,"24":3,"25":2,"26":18,"27":18,"28":18,"29":108,"30":18,"31":18,"32":18,"33":18,"34":18,"35":0,"36":18,"37":28,"38":0,"39":8,"40":8,"41":4,"42":8,"43":4,"44":10,"45":10,"46":8,"47":9,"48":20,"49":20,"50":20,"51":20,"52":1,"53":19,"54":19,"55":19,"56":1,"57":18,"58":18,"59":18,"60":18,"61":18,"62":18,"63":18,"64":18,"65":18,"66":18,"67":18,"68":18,"69":18,"70":4,"71":18,"72":4,"73":4,"74":18,"75":18,"76":18,"77":18,"78":18,"79":18,"80":18,"81":18,"82":16,"83":15,"84":15,"85":0,"86":15,"87":0,"88":0,"89":0,"90":18,"91":0,"92":52,"93":52,"94":89,"95":40,"96":40,"97":40,"98":40,"99":34,"100":34,"101":40,"102":40,"103":40,"104":11,"105":6,"106":3,"107":3,"108":3,"109":3,"110":49,"111":52,"112":5,"113":0,"114":5,"115":0,"116":5,"117":5,"118":0,"119":0,"120":0,"121":5,"122":5,"123":0,"124":5,"125":5,"126":3,"127":3,"128":3,"129":1,"130":1,"131":1,"132":1,"133":0,"134":0,"135":0,"136":3,"137":0,"138":0,"139":3,"140":20,"141":20,"142":20,"143":20,"144":0,"145":3,"146":6,"147":6,"148":0,"149":6,"150":0,"151":0,"152":0,"153":0,"154":3,"155":3,"156":3,"157":0,"158":3,"159":3,"160":3,"161":3,"162":0,"163":0,"164":3,"165":3,"166":3,"167":0,"168":3,"169":0,"170":3,"171":3,"172":3,"173":0,"174":0,"175":3,"176":0,"177":0,"178":3,"179":3,"180":3,"181":3,"182":3,"183":0,"184":0,"185":3,"186":0,"187":0,"188":0,"189":0,"190":0,"191":0,"192":3},"f":{"0":3,"1":0,"2":18,"3":108,"4":18,"5":28,"6":0,"7":8,"8":9,"9":20,"10":4,"11":18,"12":16,"13":15,"14":52,"15":89,"16":40,"17":34,"18":40,"19":11,"20":5,"21":3,"22":3,"23":3,"24":1,"25":1,"26":0,"27":20,"28":6,"29":3,"30":3,"31":0,"32":3,"33":0,"34":0,"35":3,"36":0},"b":{"0":[18],"1":[18,0],"2":[4],"3":[8,3,3],"4":[4],"5":[4],"6":[10],"7":[1],"8":[1,1],"9":[1],"10":[1,1],"11":[18],"12":[18,0],"13":[18,18],"14":[0,15],"15":[0,0],"16":[0],"17":[18,0],"18":[0,0],"19":[40,49],"20":[3,3],"21":[3,0],"22":[3,0],"23":[3,0],"24":[3,0],"25":[3,0],"26":[0],"27":[0],"28":[0],"29":[0],"30":[0,5],"31":[0],"32":[0],"33":[1,0],"34":[1,1],"35":[0],"36":[6,0,0],"37":[0,6],"38":[0,0],"39":[3,3],"40":[0],"41":[0,0],"42":[3],"43":[0,3],"44":[0],"45":[3],"46":[0],"47":[3],"48":[3],"49":[0],"50":[0]}}
,"/home/mrmkz/Documents/packages/AxonJs/src/core/config/AxonConfig.ts": {"path":"/home/mrmkz/Documents/packages/AxonJs/src/core/config/AxonConfig.ts","statementMap":{"0":{"start":{"line":40,"column":0},"end":{"line":40,"column":7}},"1":{"start":{"line":2,"column":0},"end":{"line":2,"column":38}},"2":{"start":{"line":3,"column":0},"end":{"line":3,"column":30}},"3":{"start":{"line":4,"column":0},"end":{"line":4,"column":36}},"4":{"start":{"line":7,"column":0},"end":{"line":7,"column":45}},"5":{"start":{"line":13,"column":0},"end":{"line":13,"column":44}},"6":{"start":{"line":15,"column":22},"end":{"line":15,"column":65}},"7":{"start":{"line":18,"column":20},"end":{"line":18,"column":48}},"8":{"start":{"line":19,"column":19},"end":{"line":19,"column":47}},"9":{"start":{"line":20,"column":4},"end":{"line":20,"column":36}},"10":{"start":{"line":24,"column":19},"end":{"line":32,"column":6}},"11":{"start":{"line":33,"column":17},"end":{"line":33,"column":43}},"12":{"start":{"line":34,"column":19},"end":{"line":34,"column":34}},"13":{"start":{"line":35,"column":15},"end":{"line":35,"column":65}},"14":{"start":{"line":36,"column":4},"end":{"line":36,"column":40}},"15":{"start":{"line":37,"column":4},"end":{"line":37,"column":26}},"16":{"start":{"line":41,"column":21},"end":{"line":54,"column":6}},"17":{"start":{"line":49,"column":33},"end":{"line":49,"column":55}},"18":{"start":{"line":50,"column":34},"end":{"line":50,"column":56}},"19":{"start":{"line":51,"column":33},"end":{"line":51,"column":50}},"20":{"start":{"line":52,"column":34},"end":{"line":52,"column":51}},"21":{"start":{"line":56,"column":19},"end":{"line":56,"column":55}},"22":{"start":{"line":58,"column":4},"end":{"line":58,"column":46}},"23":{"start":{"line":58,"column":25},"end":{"line":58,"column":46}},"24":{"start":{"line":60,"column":4},"end":{"line":60,"column":95}},"25":{"start":{"line":60,"column":56},"end":{"line":60,"column":95}},"26":{"start":{"line":62,"column":19},"end":{"line":62,"column":57}},"27":{"start":{"line":64,"column":4},"end":{"line":66,"column":5}},"28":{"start":{"line":65,"column":8},"end":{"line":65,"column":null}},"29":{"start":{"line":68,"column":4},"end":{"line":70,"column":5}},"30":{"start":{"line":69,"column":8},"end":{"line":69,"column":null}},"31":{"start":{"line":72,"column":4},"end":{"line":72,"column":42}},"32":{"start":{"line":74,"column":4},"end":{"line":74,"column":18}}},"fnMap":{"0":{"name":"loadJSConfig","decl":{"start":{"line":17,"column":15},"end":{"line":17,"column":27}},"loc":{"start":{"line":17,"column":44},"end":{"line":21,"column":1}}},"1":{"name":"loadTSConfig","decl":{"start":{"line":23,"column":15},"end":{"line":23,"column":27}},"loc":{"start":{"line":23,"column":44},"end":{"line":38,"column":1}}},"2":{"name":"resolveConfig","decl":{"start":{"line":40,"column":22},"end":{"line":40,"column":35}},"loc":{"start":{"line":40,"column":35},"end":{"line":75,"column":1}}},"3":{"name":"(anonymous_4)","decl":{"start":{"line":49,"column":19},"end":{"line":49,"column":20}},"loc":{"start":{"line":49,"column":33},"end":{"line":49,"column":55}}},"4":{"name":"(anonymous_5)","decl":{"start":{"line":50,"column":20},"end":{"line":50,"column":21}},"loc":{"start":{"line":50,"column":34},"end":{"line":50,"column":56}}},"5":{"name":"(anonymous_6)","decl":{"start":{"line":51,"column":19},"end":{"line":51,"column":20}},"loc":{"start":{"line":51,"column":33},"end":{"line":51,"column":50}}},"6":{"name":"(anonymous_7)","decl":{"start":{"line":52,"column":20},"end":{"line":52,"column":21}},"loc":{"start":{"line":52,"column":34},"end":{"line":52,"column":51}}}},"branchMap":{"0":{"loc":{"start":{"line":20,"column":11},"end":{"line":20,"column":35}},"type":"binary-expr","locations":[{"start":{"line":20,"column":11},"end":{"line":20,"column":25}},{"start":{"line":20,"column":29},"end":{"line":20,"column":35}}]},"1":{"loc":{"start":{"line":58,"column":4},"end":{"line":58,"column":46}},"type":"if","locations":[{"start":{"line":58,"column":4},"end":{"line":58,"column":46}}]},"2":{"loc":{"start":{"line":60,"column":4},"end":{"line":60,"column":95}},"type":"if","locations":[{"start":{"line":60,"column":4},"end":{"line":60,"column":95}}]},"3":{"loc":{"start":{"line":64,"column":4},"end":{"line":66,"column":5}},"type":"if","locations":[{"start":{"line":64,"column":4},"end":{"line":66,"column":5}}]},"4":{"loc":{"start":{"line":68,"column":4},"end":{"line":70,"column":5}},"type":"if","locations":[{"start":{"line":68,"column":4},"end":{"line":70,"column":5}}]}},"s":{"0":3,"1":3,"2":3,"3":3,"4":3,"5":3,"6":3,"7":0,"8":0,"9":0,"10":0,"11":0,"12":0,"13":0,"14":0,"15":0,"16":6,"17":0,"18":0,"19":0,"20":0,"21":6,"22":4,"23":4,"24":0,"25":0,"26":0,"27":0,"28":0,"29":0,"30":0,"31":0,"32":0},"f":{"0":0,"1":0,"2":6,"3":0,"4":0,"5":0,"6":0},"b":{"0":[0,0],"1":[4],"2":[0],"3":[0],"4":[0]}}
,"/home/mrmkz/Documents/packages/AxonJs/src/core/config/defaultConfig.ts": {"path":"/home/mrmkz/Documents/packages/AxonJs/src/core/config/defaultConfig.ts","statementMap":{"0":{"start":{"line":4,"column":0},"end":{"line":19,"column":16}}},"fnMap":{},"branchMap":{},"s":{"0":3},"f":{},"b":{}}
,"/home/mrmkz/Documents/packages/AxonJs/src/core/cors/AxonCors.ts": {"path":"/home/mrmkz/Documents/packages/AxonJs/src/core/cors/AxonCors.ts","statementMap":{"0":{"start":{"line":1,"column":0},"end":{"line":1,"column":35}},"1":{"start":{"line":4,"column":0},"end":{"line":4,"column":24}},"2":{"start":{"line":6,"column":17},"end":{"line":11,"column":null}},"3":{"start":{"line":13,"column":17},"end":{"line":15,"column":1}},"4":{"start":{"line":14,"column":4},"end":{"line":14,"column":56}},"5":{"start":{"line":17,"column":24},"end":{"line":32,"column":1}},"6":{"start":{"line":18,"column":4},"end":{"line":31,"column":5}},"7":{"start":{"line":19,"column":8},"end":{"line":23,"column":9}},"8":{"start":{"line":19,"column":21},"end":{"line":19,"column":22}},"9":{"start":{"line":20,"column":12},"end":{"line":22,"column":13}},"10":{"start":{"line":21,"column":16},"end":{"line":21,"column":28}},"11":{"start":{"line":24,"column":8},"end":{"line":24,"column":21}},"12":{"start":{"line":25,"column":11},"end":{"line":31,"column":5}},"13":{"start":{"line":26,"column":8},"end":{"line":26,"column":40}},"14":{"start":{"line":27,"column":11},"end":{"line":31,"column":5}},"15":{"start":{"line":28,"column":8},"end":{"line":28,"column":42}},"16":{"start":{"line":30,"column":8},"end":{"line":30,"column":31}},"17":{"start":{"line":34,"column":24},"end":{"line":69,"column":1}},"18":{"start":{"line":35,"column":24},"end":{"line":35,"column":42}},"19":{"start":{"line":36,"column":18},"end":{"line":36,"column":20}},"20":{"start":{"line":39,"column":4},"end":{"line":66,"column":5}},"21":{"start":{"line":41,"column":8},"end":{"line":44,"column":12}},"22":{"start":{"line":45,"column":11},"end":{"line":66,"column":5}},"23":{"start":{"line":47,"column":8},"end":{"line":50,"column":12}},"24":{"start":{"line":51,"column":8},"end":{"line":54,"column":12}},"25":{"start":{"line":56,"column":8},"end":{"line":56,"column":73}},"26":{"start":{"line":58,"column":8},"end":{"line":61,"column":12}},"27":{"start":{"line":62,"column":8},"end":{"line":65,"column":12}},"28":{"start":{"line":68,"column":4},"end":{"line":68,"column":19}},"29":{"start":{"line":71,"column":25},"end":{"line":80,"column":1}},"30":{"start":{"line":72,"column":18},"end":{"line":72,"column":33}},"31":{"start":{"line":73,"column":4},"end":{"line":75,"column":5}},"32":{"start":{"line":74,"column":8},"end":{"line":74,"column":44}},"33":{"start":{"line":76,"column":4},"end":{"line":79,"column":6}},"34":{"start":{"line":82,"column":29},"end":{"line":90,"column":1}},"35":{"start":{"line":83,"column":4},"end":{"line":88,"column":5}},"36":{"start":{"line":84,"column":8},"end":{"line":87,"column":10}},"37":{"start":{"line":89,"column":4},"end":{"line":89,"column":16}},"38":{"start":{"line":92,"column":32},"end":{"line":113,"column":1}},"39":{"start":{"line":93,"column":25},"end":{"line":93,"column":66}},"40":{"start":{"line":94,"column":20},"end":{"line":94,"column":22}},"41":{"start":{"line":96,"column":4},"end":{"line":104,"column":5}},"42":{"start":{"line":97,"column":8},"end":{"line":97,"column":71}},"43":{"start":{"line":98,"column":8},"end":{"line":101,"column":12}},"44":{"start":{"line":102,"column":11},"end":{"line":104,"column":5}},"45":{"start":{"line":103,"column":8},"end":{"line":103,"column":50}},"46":{"start":{"line":105,"column":4},"end":{"line":110,"column":5}},"47":{"start":{"line":106,"column":8},"end":{"line":109,"column":12}},"48":{"start":{"line":112,"column":4},"end":{"line":112,"column":19}},"49":{"start":{"line":115,"column":32},"end":{"line":129,"column":1}},"50":{"start":{"line":116,"column":18},"end":{"line":116,"column":40}},"51":{"start":{"line":117,"column":4},"end":{"line":121,"column":5}},"52":{"start":{"line":118,"column":8},"end":{"line":118,"column":20}},"53":{"start":{"line":119,"column":11},"end":{"line":121,"column":5}},"54":{"start":{"line":120,"column":8},"end":{"line":120,"column":36}},"55":{"start":{"line":122,"column":4},"end":{"line":127,"column":5}},"56":{"start":{"line":123,"column":8},"end":{"line":126,"column":10}},"57":{"start":{"line":128,"column":4},"end":{"line":128,"column":16}},"58":{"start":{"line":131,"column":24},"end":{"line":140,"column":1}},"59":{"start":{"line":132,"column":19},"end":{"line":132,"column":102}},"60":{"start":{"line":133,"column":4},"end":{"line":138,"column":5}},"61":{"start":{"line":134,"column":8},"end":{"line":137,"column":10}},"62":{"start":{"line":139,"column":4},"end":{"line":139,"column":16}},"63":{"start":{"line":142,"column":21},"end":{"line":155,"column":1}},"64":{"start":{"line":143,"column":4},"end":{"line":154,"column":5}},"65":{"start":{"line":143,"column":17},"end":{"line":143,"column":18}},"66":{"start":{"line":143,"column":24},"end":{"line":143,"column":38}},"67":{"start":{"line":144,"column":23},"end":{"line":144,"column":33}},"68":{"start":{"line":145,"column":8},"end":{"line":153,"column":9}},"69":{"start":{"line":146,"column":12},"end":{"line":152,"column":13}},"70":{"start":{"line":147,"column":16},"end":{"line":147,"column":42}},"71":{"start":{"line":148,"column":19},"end":{"line":152,"column":13}},"72":{"start":{"line":149,"column":16},"end":{"line":149,"column":40}},"73":{"start":{"line":150,"column":19},"end":{"line":152,"column":13}},"74":{"start":{"line":151,"column":16},"end":{"line":151,"column":56}},"75":{"start":{"line":157,"column":13},"end":{"line":188,"column":1}},"76":{"start":{"line":158,"column":20},"end":{"line":158,"column":22}},"77":{"start":{"line":159,"column":17},"end":{"line":159,"column":81}},"78":{"start":{"line":161,"column":4},"end":{"line":187,"column":5}},"79":{"start":{"line":163,"column":8},"end":{"line":163,"column":58}},"80":{"start":{"line":164,"column":8},"end":{"line":164,"column":null}},"81":{"start":{"line":165,"column":8},"end":{"line":165,"column":null}},"82":{"start":{"line":166,"column":8},"end":{"line":166,"column":66}},"83":{"start":{"line":167,"column":8},"end":{"line":167,"column":null}},"84":{"start":{"line":168,"column":8},"end":{"line":168,"column":null}},"85":{"start":{"line":169,"column":8},"end":{"line":169,"column":41}},"86":{"start":{"line":171,"column":8},"end":{"line":179,"column":9}},"87":{"start":{"line":172,"column":12},"end":{"line":172,"column":25}},"88":{"start":{"line":176,"column":12},"end":{"line":176,"column":58}},"89":{"start":{"line":177,"column":12},"end":{"line":177,"column":49}},"90":{"start":{"line":178,"column":12},"end":{"line":178,"column":22}},"91":{"start":{"line":182,"column":8},"end":{"line":182,"column":58}},"92":{"start":{"line":183,"column":8},"end":{"line":183,"column":null}},"93":{"start":{"line":184,"column":8},"end":{"line":184,"column":null}},"94":{"start":{"line":185,"column":8},"end":{"line":185,"column":41}},"95":{"start":{"line":186,"column":8},"end":{"line":186,"column":21}},"96":{"start":{"line":190,"column":26},"end":{"line":247,"column":1}},"97":{"start":{"line":193,"column":4},"end":{"line":199,"column":5}},"98":{"start":{"line":194,"column":8},"end":{"line":194,"column":28}},"99":{"start":{"line":196,"column":8},"end":{"line":198,"column":10}},"100":{"start":{"line":197,"column":12},"end":{"line":197,"column":30}},"101":{"start":{"line":201,"column":4},"end":{"line":246,"column":6}},"102":{"start":{"line":202,"column":8},"end":{"line":245,"column":11}},"103":{"start":{"line":203,"column":12},"end":{"line":244,"column":13}},"104":{"start":{"line":204,"column":16},"end":{"line":211,"column":19}},"105":{"start":{"line":214,"column":36},"end":{"line":214,"column":65}},"106":{"start":{"line":215,"column":37},"end":{"line":215,"column":41}},"107":{"start":{"line":216,"column":16},"end":{"line":222,"column":17}},"108":{"start":{"line":217,"column":20},"end":{"line":217,"column":56}},"109":{"start":{"line":218,"column":23},"end":{"line":222,"column":17}},"110":{"start":{"line":219,"column":20},"end":{"line":221,"column":22}},"111":{"start":{"line":220,"column":24},"end":{"line":220,"column":59}},"112":{"start":{"line":224,"column":16},"end":{"line":243,"column":17}},"113":{"start":{"line":225,"column":20},"end":{"line":240,"column":23}},"114":{"start":{"line":226,"column":24},"end":{"line":239,"column":25}},"115":{"start":{"line":227,"column":28},"end":{"line":234,"column":31}},"116":{"start":{"line":237,"column":28},"end":{"line":237,"column":56}},"117":{"start":{"line":238,"column":28},"end":{"line":238,"column":68}},"118":{"start":{"line":242,"column":20},"end":{"line":242,"column":33}},"119":{"start":{"line":249,"column":0},"end":{"line":251,"column":2}}},"fnMap":{"0":{"name":"(anonymous_1)","decl":{"start":{"line":13,"column":17},"end":{"line":13,"column":18}},"loc":{"start":{"line":13,"column":28},"end":{"line":15,"column":1}}},"1":{"name":"(anonymous_2)","decl":{"start":{"line":17,"column":24},"end":{"line":17,"column":29}},"loc":{"start":{"line":17,"column":66},"end":{"line":32,"column":1}}},"2":{"name":"(anonymous_3)","decl":{"start":{"line":34,"column":24},"end":{"line":34,"column":29}},"loc":{"start":{"line":34,"column":66},"end":{"line":69,"column":1}}},"3":{"name":"(anonymous_4)","decl":{"start":{"line":71,"column":25},"end":{"line":71,"column":30}},"loc":{"start":{"line":71,"column":48},"end":{"line":80,"column":1}}},"4":{"name":"(anonymous_5)","decl":{"start":{"line":82,"column":29},"end":{"line":82,"column":34}},"loc":{"start":{"line":82,"column":52},"end":{"line":90,"column":1}}},"5":{"name":"(anonymous_6)","decl":{"start":{"line":92,"column":32},"end":{"line":92,"column":37}},"loc":{"start":{"line":92,"column":74},"end":{"line":113,"column":1}}},"6":{"name":"(anonymous_7)","decl":{"start":{"line":115,"column":32},"end":{"line":115,"column":37}},"loc":{"start":{"line":115,"column":55},"end":{"line":129,"column":1}}},"7":{"name":"(anonymous_8)","decl":{"start":{"line":131,"column":24},"end":{"line":131,"column":29}},"loc":{"start":{"line":131,"column":47},"end":{"line":140,"column":1}}},"8":{"name":"(anonymous_9)","decl":{"start":{"line":142,"column":21},"end":{"line":142,"column":26}},"loc":{"start":{"line":142,"column":59},"end":{"line":155,"column":1}}},"9":{"name":"(anonymous_10)","decl":{"start":{"line":157,"column":13},"end":{"line":157,"column":18}},"loc":{"start":{"line":157,"column":86},"end":{"line":188,"column":1}}},"10":{"name":"(anonymous_11)","decl":{"start":{"line":190,"column":26},"end":{"line":190,"column":31}},"loc":{"start":{"line":190,"column":44},"end":{"line":247,"column":1}}},"11":{"name":"(anonymous_12)","decl":{"start":{"line":196,"column":26},"end":{"line":196,"column":31}},"loc":{"start":{"line":196,"column":63},"end":{"line":198,"column":9}}},"12":{"name":"(anonymous_13)","decl":{"start":{"line":201,"column":11},"end":{"line":201,"column":16}},"loc":{"start":{"line":201,"column":70},"end":{"line":246,"column":5}}},"13":{"name":"(anonymous_14)","decl":{"start":{"line":202,"column":35},"end":{"line":202,"column":40}},"loc":{"start":{"line":202,"column":68},"end":{"line":245,"column":9}}},"14":{"name":"(anonymous_15)","decl":{"start":{"line":219,"column":37},"end":{"line":219,"column":42}},"loc":{"start":{"line":219,"column":68},"end":{"line":221,"column":21}}},"15":{"name":"(anonymous_16)","decl":{"start":{"line":225,"column":61},"end":{"line":225,"column":66}},"loc":{"start":{"line":225,"column":94},"end":{"line":240,"column":21}}}},"branchMap":{"0":{"loc":{"start":{"line":14,"column":11},"end":{"line":14,"column":55}},"type":"binary-expr","locations":[{"start":{"line":14,"column":11},"end":{"line":14,"column":32}},{"start":{"line":14,"column":36},"end":{"line":14,"column":55}}]},"1":{"loc":{"start":{"line":18,"column":4},"end":{"line":31,"column":5}},"type":"if","locations":[{"start":{"line":18,"column":4},"end":{"line":31,"column":5}},{"start":{"line":25,"column":11},"end":{"line":31,"column":5}}]},"2":{"loc":{"start":{"line":20,"column":12},"end":{"line":22,"column":13}},"type":"if","locations":[{"start":{"line":20,"column":12},"end":{"line":22,"column":13}}]},"3":{"loc":{"start":{"line":25,"column":11},"end":{"line":31,"column":5}},"type":"if","locations":[{"start":{"line":25,"column":11},"end":{"line":31,"column":5}},{"start":{"line":27,"column":11},"end":{"line":31,"column":5}}]},"4":{"loc":{"start":{"line":27,"column":11},"end":{"line":31,"column":5}},"type":"if","locations":[{"start":{"line":27,"column":11},"end":{"line":31,"column":5}},{"start":{"line":29,"column":11},"end":{"line":31,"column":5}}]},"5":{"loc":{"start":{"line":39,"column":4},"end":{"line":66,"column":5}},"type":"if","locations":[{"start":{"line":39,"column":4},"end":{"line":66,"column":5}},{"start":{"line":45,"column":11},"end":{"line":66,"column":5}}]},"6":{"loc":{"start":{"line":39,"column":8},"end":{"line":39,"column":49}},"type":"binary-expr","locations":[{"start":{"line":39,"column":8},"end":{"line":39,"column":23}},{"start":{"line":39,"column":27},"end":{"line":39,"column":49}}]},"7":{"loc":{"start":{"line":45,"column":11},"end":{"line":66,"column":5}},"type":"if","locations":[{"start":{"line":45,"column":11},"end":{"line":66,"column":5}},{"start":{"line":55,"column":11},"end":{"line":66,"column":5}}]},"8":{"loc":{"start":{"line":60,"column":19},"end":{"line":60,"column":52}},"type":"cond-expr","locations":[{"start":{"line":60,"column":31},"end":{"line":60,"column":44}},{"start":{"line":60,"column":47},"end":{"line":60,"column":52}}]},"9":{"loc":{"start":{"line":73,"column":4},"end":{"line":75,"column":5}},"type":"if","locations":[{"start":{"line":73,"column":4},"end":{"line":75,"column":5}}]},"10":{"loc":{"start":{"line":83,"column":4},"end":{"line":88,"column":5}},"type":"if","locations":[{"start":{"line":83,"column":4},"end":{"line":88,"column":5}}]},"11":{"loc":{"start":{"line":93,"column":25},"end":{"line":93,"column":66}},"type":"binary-expr","locations":[{"start":{"line":93,"column":25},"end":{"line":93,"column":47}},{"start":{"line":93,"column":51},"end":{"line":93,"column":66}}]},"12":{"loc":{"start":{"line":96,"column":4},"end":{"line":104,"column":5}},"type":"if","locations":[{"start":{"line":96,"column":4},"end":{"line":104,"column":5}},{"start":{"line":102,"column":11},"end":{"line":104,"column":5}}]},"13":{"loc":{"start":{"line":102,"column":11},"end":{"line":104,"column":5}},"type":"if","locations":[{"start":{"line":102,"column":11},"end":{"line":104,"column":5}}]},"14":{"loc":{"start":{"line":105,"column":4},"end":{"line":110,"column":5}},"type":"if","locations":[{"start":{"line":105,"column":4},"end":{"line":110,"column":5}}]},"15":{"loc":{"start":{"line":105,"column":8},"end":{"line":105,"column":47}},"type":"binary-expr","locations":[{"start":{"line":105,"column":8},"end":{"line":105,"column":22}},{"start":{"line":105,"column":26},"end":{"line":105,"column":47}}]},"16":{"loc":{"start":{"line":117,"column":4},"end":{"line":121,"column":5}},"type":"if","locations":[{"start":{"line":117,"column":4},"end":{"line":121,"column":5}},{"start":{"line":119,"column":11},"end":{"line":121,"column":5}}]},"17":{"loc":{"start":{"line":119,"column":11},"end":{"line":121,"column":5}},"type":"if","locations":[{"start":{"line":119,"column":11},"end":{"line":121,"column":5}}]},"18":{"loc":{"start":{"line":122,"column":4},"end":{"line":127,"column":5}},"type":"if","locations":[{"start":{"line":122,"column":4},"end":{"line":127,"column":5}}]},"19":{"loc":{"start":{"line":122,"column":8},"end":{"line":122,"column":33}},"type":"binary-expr","locations":[{"start":{"line":122,"column":8},"end":{"line":122,"column":15}},{"start":{"line":122,"column":19},"end":{"line":122,"column":33}}]},"20":{"loc":{"start":{"line":132,"column":19},"end":{"line":132,"column":102}},"type":"binary-expr","locations":[{"start":{"line":132,"column":20},"end":{"line":132,"column":54}},{"start":{"line":132,"column":58},"end":{"line":132,"column":72}},{"start":{"line":132,"column":77},"end":{"line":132,"column":102}}]},"21":{"loc":{"start":{"line":133,"column":4},"end":{"line":138,"column":5}},"type":"if","locations":[{"start":{"line":133,"column":4},"end":{"line":138,"column":5}}]},"22":{"loc":{"start":{"line":133,"column":8},"end":{"line":133,"column":31}},"type":"binary-expr","locations":[{"start":{"line":133,"column":8},"end":{"line":133,"column":14}},{"start":{"line":133,"column":18},"end":{"line":133,"column":31}}]},"23":{"loc":{"start":{"line":145,"column":8},"end":{"line":153,"column":9}},"type":"if","locations":[{"start":{"line":145,"column":8},"end":{"line":153,"column":9}}]},"24":{"loc":{"start":{"line":146,"column":12},"end":{"line":152,"column":13}},"type":"if","locations":[{"start":{"line":146,"column":12},"end":{"line":152,"column":13}},{"start":{"line":148,"column":19},"end":{"line":152,"column":13}}]},"25":{"loc":{"start":{"line":148,"column":19},"end":{"line":152,"column":13}},"type":"if","locations":[{"start":{"line":148,"column":19},"end":{"line":152,"column":13}},{"start":{"line":150,"column":19},"end":{"line":152,"column":13}}]},"26":{"loc":{"start":{"line":148,"column":23},"end":{"line":148,"column":60}},"type":"binary-expr","locations":[{"start":{"line":148,"column":23},"end":{"line":148,"column":44}},{"start":{"line":148,"column":48},"end":{"line":148,"column":60}}]},"27":{"loc":{"start":{"line":150,"column":19},"end":{"line":152,"column":13}},"type":"if","locations":[{"start":{"line":150,"column":19},"end":{"line":152,"column":13}}]},"28":{"loc":{"start":{"line":159,"column":17},"end":{"line":159,"column":81}},"type":"binary-expr","locations":[{"start":{"line":159,"column":17},"end":{"line":159,"column":27}},{"start":{"line":159,"column":31},"end":{"line":159,"column":53}},{"start":{"line":159,"column":57},"end":{"line":159,"column":81}}]},"29":{"loc":{"start":{"line":161,"column":4},"end":{"line":187,"column":5}},"type":"if","locations":[{"start":{"line":161,"column":4},"end":{"line":187,"column":5}},{"start":{"line":180,"column":11},"end":{"line":187,"column":5}}]},"30":{"loc":{"start":{"line":171,"column":8},"end":{"line":179,"column":9}},"type":"if","locations":[{"start":{"line":171,"column":8},"end":{"line":179,"column":9}},{"start":{"line":173,"column":15},"end":{"line":179,"column":9}}]},"31":{"loc":{"start":{"line":193,"column":4},"end":{"line":199,"column":5}},"type":"if","locations":[{"start":{"line":193,"column":4},"end":{"line":199,"column":5}},{"start":{"line":195,"column":11},"end":{"line":199,"column":5}}]},"32":{"loc":{"start":{"line":203,"column":12},"end":{"line":244,"column":13}},"type":"if","locations":[{"start":{"line":203,"column":12},"end":{"line":244,"column":13}},{"start":{"line":213,"column":19},"end":{"line":244,"column":13}}]},"33":{"loc":{"start":{"line":216,"column":16},"end":{"line":222,"column":17}},"type":"if","locations":[{"start":{"line":216,"column":16},"end":{"line":222,"column":17}},{"start":{"line":218,"column":23},"end":{"line":222,"column":17}}]},"34":{"loc":{"start":{"line":216,"column":20},"end":{"line":216,"column":82}},"type":"binary-expr","locations":[{"start":{"line":216,"column":20},"end":{"line":216,"column":38}},{"start":{"line":216,"column":42},"end":{"line":216,"column":82}}]},"35":{"loc":{"start":{"line":218,"column":23},"end":{"line":222,"column":17}},"type":"if","locations":[{"start":{"line":218,"column":23},"end":{"line":222,"column":17}}]},"36":{"loc":{"start":{"line":224,"column":16},"end":{"line":243,"column":17}},"type":"if","locations":[{"start":{"line":224,"column":16},"end":{"line":243,"column":17}},{"start":{"line":241,"column":23},"end":{"line":243,"column":17}}]},"37":{"loc":{"start":{"line":226,"column":24},"end":{"line":239,"column":25}},"type":"if","locations":[{"start":{"line":226,"column":24},"end":{"line":239,"column":25}},{"start":{"line":236,"column":31},"end":{"line":239,"column":25}}]},"38":{"loc":{"start":{"line":226,"column":28},"end":{"line":226,"column":43}},"type":"binary-expr","locations":[{"start":{"line":226,"column":28},"end":{"line":226,"column":32}},{"start":{"line":226,"column":36},"end":{"line":226,"column":43}}]}},"s":{"0":3,"1":3,"2":3,"3":3,"4":0,"5":3,"6":0,"7":0,"8":0,"9":0,"10":0,"11":0,"12":0,"13":0,"14":0,"15":0,"16":0,"17":3,"18":18,"19":18,"20":18,"21":18,"22":0,"23":0,"24":0,"25":0,"26":0,"27":0,"28":18,"29":3,"30":0,"31":0,"32":0,"33":0,"34":3,"35":18,"36":0,"37":18,"38":3,"39":0,"40":0,"41":0,"42":0,"43":0,"44":0,"45":0,"46":0,"47":0,"48":0,"49":3,"50":18,"51":18,"52":18,"53":0,"54":0,"55":0,"56":0,"57":0,"58":3,"59":0,"60":0,"61":0,"62":0,"63":3,"64":54,"65":54,"66":54,"67":90,"68":90,"69":54,"70":36,"71":18,"72":0,"73":18,"74":18,"75":3,"76":18,"77":18,"78":18,"79":0,"80":0,"81":0,"82":0,"83":0,"84":0,"85":0,"86":0,"87":0,"88":0,"89":0,"90":0,"91":18,"92":18,"93":18,"94":18,"95":18,"96":3,"97":18,"98":0,"99":18,"100":18,"101":18,"102":18,"103":18,"104":0,"105":18,"106":18,"107":18,"108":0,"109":18,"110":18,"111":18,"112":18,"113":18,"114":18,"115":0,"116":18,"117":18,"118":0,"119":3},"f":{"0":0,"1":0,"2":18,"3":0,"4":18,"5":0,"6":18,"7":0,"8":54,"9":18,"10":18,"11":18,"12":18,"13":18,"14":18,"15":18},"b":{"0":[0,0],"1":[0,0],"2":[0],"3":[0,0],"4":[0,0],"5":[18,0],"6":[18,18],"7":[0,0],"8":[0,0],"9":[0],"10":[0],"11":[0,0],"12":[0,0],"13":[0],"14":[0],"15":[0,0],"16":[18,0],"17":[0],"18":[0],"19":[0,0],"20":[0,0,0],"21":[0],"22":[0,0],"23":[54],"24":[36,18],"25":[0,18],"26":[18,0],"27":[18],"28":[18,18,18],"29":[0,18],"30":[0,0],"31":[0,18],"32":[0,18],"33":[0,18],"34":[18,18],"35":[18],"36":[18,0],"37":[0,18],"38":[18,18]}}
,"/home/mrmkz/Documents/packages/AxonJs/src/core/exceptions/CoreExceptions.ts": {"path":"/home/mrmkz/Documents/packages/AxonJs/src/core/exceptions/CoreExceptions.ts","statementMap":{"0":{"start":{"line":1,"column":0},"end":{"line":1,"column":69}},"1":{"start":{"line":9,"column":32},"end":{"line":18,"column":1}},"2":{"start":{"line":10,"column":4},"end":{"line":17,"column":null}},"3":{"start":{"line":21,"column":4},"end":{"line":21,"column":27}}},"fnMap":{"0":{"name":"(anonymous_1)","decl":{"start":{"line":9,"column":32},"end":{"line":9,"column":33}},"loc":{"start":{"line":9,"column":77},"end":{"line":18,"column":1}}}},"branchMap":{},"s":{"0":3,"1":3,"2":0,"3":3},"f":{"0":0},"b":{}}
,"/home/mrmkz/Documents/packages/AxonJs/src/core/plugin/PluginLoader.ts": {"path":"/home/mrmkz/Documents/packages/AxonJs/src/core/plugin/PluginLoader.ts","statementMap":{"0":{"start":{"line":3,"column":0},"end":{"line":3,"column":45}},"1":{"start":{"line":6,"column":36},"end":{"line":6,"column":38}},"2":{"start":{"line":9,"column":8},"end":{"line":9,"column":52}},"3":{"start":{"line":10,"column":8},"end":{"line":10,"column":58}},"4":{"start":{"line":11,"column":8},"end":{"line":11,"column":34}},"5":{"start":{"line":12,"column":8},"end":{"line":12,"column":73}},"6":{"start":{"line":16,"column":8},"end":{"line":19,"column":null}},"7":{"start":{"line":17,"column":12},"end":{"line":17,"column":36}},"8":{"start":{"line":18,"column":12},"end":{"line":18,"column":null}},"9":{"start":{"line":23,"column":8},"end":{"line":23,"column":28}},"10":{"start":{"line":5,"column":0},"end":{"line":5,"column":13}}},"fnMap":{"0":{"name":"(anonymous_0)","decl":{"start":{"line":8,"column":4},"end":{"line":8,"column":9}},"loc":{"start":{"line":8,"column":39},"end":{"line":13,"column":5}}},"1":{"name":"(anonymous_1)","decl":{"start":{"line":15,"column":4},"end":{"line":15,"column":9}},"loc":{"start":{"line":15,"column":42},"end":{"line":20,"column":5}}},"2":{"name":"(anonymous_2)","decl":{"start":{"line":16,"column":29},"end":{"line":16,"column":34}},"loc":{"start":{"line":16,"column":46},"end":{"line":19,"column":9}}},"3":{"name":"(anonymous_3)","decl":{"start":{"line":22,"column":4},"end":{"line":22,"column":9}},"loc":{"start":{"line":22,"column":20},"end":{"line":24,"column":5}}}},"branchMap":{},"s":{"0":3,"1":3,"2":0,"3":0,"4":0,"5":0,"6":3,"7":0,"8":0,"9":0,"10":3},"f":{"0":0,"1":3,"2":0,"3":0},"b":{}}
,"/home/mrmkz/Documents/packages/AxonJs/src/core/response/AxonResponse.ts": {"path":"/home/mrmkz/Documents/packages/AxonJs/src/core/response/AxonResponse.ts","statementMap":{"0":{"start":{"line":7,"column":8},"end":{"line":7,"column":23}},"1":{"start":{"line":14,"column":8},"end":{"line":14,"column":41}},"2":{"start":{"line":16,"column":8},"end":{"line":23,"column":11}},"3":{"start":{"line":18,"column":16},"end":{"line":20,"column":17}},"4":{"start":{"line":19,"column":20},"end":{"line":19,"column":96}},"5":{"start":{"line":21,"column":16},"end":{"line":21,"column":59}},"6":{"start":{"line":33,"column":8},"end":{"line":45,"column":9}},"7":{"start":{"line":35,"column":16},"end":{"line":35,"column":65}},"8":{"start":{"line":36,"column":16},"end":{"line":36,"column":22}},"9":{"start":{"line":38,"column":16},"end":{"line":38,"column":71}},"10":{"start":{"line":39,"column":16},"end":{"line":39,"column":44}},"11":{"start":{"line":40,"column":16},"end":{"line":40,"column":22}},"12":{"start":{"line":42,"column":16},"end":{"line":42,"column":71}},"13":{"start":{"line":43,"column":16},"end":{"line":43,"column":42}},"14":{"start":{"line":44,"column":16},"end":{"line":44,"column":22}},"15":{"start":{"line":47,"column":8},"end":{"line":47,"column":27}},"16":{"start":{"line":51,"column":8},"end":{"line":51,"column":51}},"17":{"start":{"line":53,"column":8},"end":{"line":53,"column":20}},"18":{"start":{"line":57,"column":0},"end":{"line":57,"column":28}}},"fnMap":{"0":{"name":"(anonymous_0)","decl":{"start":{"line":6,"column":4},"end":{"line":6,"column":16}},"loc":{"start":{"line":6,"column":29},"end":{"line":8,"column":5}}},"1":{"name":"(anonymous_1)","decl":{"start":{"line":13,"column":11},"end":{"line":13,"column":18}},"loc":{"start":{"line":13,"column":34},"end":{"line":24,"column":5}}},"2":{"name":"(anonymous_2)","decl":{"start":{"line":17,"column":12},"end":{"line":17,"column":15}},"loc":{"start":{"line":17,"column":28},"end":{"line":22,"column":13}}},"3":{"name":"(anonymous_3)","decl":{"start":{"line":32,"column":11},"end":{"line":32,"column":15}},"loc":{"start":{"line":32,"column":37},"end":{"line":48,"column":5}}},"4":{"name":"(anonymous_4)","decl":{"start":{"line":50,"column":11},"end":{"line":50,"column":20}},"loc":{"start":{"line":50,"column":47},"end":{"line":54,"column":5}}}},"branchMap":{"0":{"loc":{"start":{"line":18,"column":16},"end":{"line":20,"column":17}},"type":"if","locations":[{"start":{"line":18,"column":16},"end":{"line":20,"column":17}}]},"1":{"loc":{"start":{"line":33,"column":8},"end":{"line":45,"column":9}},"type":"switch","locations":[{"start":{"line":34,"column":12},"end":{"line":36,"column":22}},{"start":{"line":37,"column":12},"end":{"line":40,"column":22}},{"start":{"line":41,"column":12},"end":{"line":44,"column":22}}]}},"s":{"0":20,"1":0,"2":0,"3":0,"4":0,"5":0,"6":20,"7":0,"8":0,"9":20,"10":20,"11":20,"12":0,"13":0,"14":0,"15":20,"16":0,"17":0,"18":3},"f":{"0":20,"1":0,"2":0,"3":20,"4":0},"b":{"0":[0],"1":[0,20,0]}}
,"/home/mrmkz/Documents/packages/AxonJs/src/core/services/unloadRoutesService.ts": {"path":"/home/mrmkz/Documents/packages/AxonJs/src/core/services/unloadRoutesService.ts","statementMap":{"0":{"start":{"line":3,"column":0},"end":{"line":3,"column":45}},"1":{"start":{"line":14,"column":47},"end":{"line":57,"column":1}},"2":{"start":{"line":15,"column":4},"end":{"line":30,"column":5}},"3":{"start":{"line":16,"column":42},"end":{"line":16,"column":63}},"4":{"start":{"line":18,"column":9},"end":{"line":29,"column":null}},"5":{"start":{"line":19,"column":12},"end":{"line":28,"column":13}},"6":{"start":{"line":20,"column":16},"end":{"line":27,"column":null}},"7":{"start":{"line":21,"column":20},"end":{"line":26,"column":21}},"8":{"start":{"line":22,"column":24},"end":{"line":22,"column":null}},"9":{"start":{"line":23,"column":24},"end":{"line":23,"column":null}},"10":{"start":{"line":25,"column":24},"end":{"line":25,"column":null}},"11":{"start":{"line":32,"column":4},"end":{"line":36,"column":5}},"12":{"start":{"line":33,"column":8},"end":{"line":33,"column":29}},"13":{"start":{"line":35,"column":8},"end":{"line":35,"column":null}},"14":{"start":{"line":38,"column":4},"end":{"line":56,"column":5}},"15":{"start":{"line":39,"column":22},"end":{"line":39,"column":27}},"16":{"start":{"line":40,"column":9},"end":{"line":53,"column":null}},"17":{"start":{"line":41,"column":12},"end":{"line":52,"column":13}},"18":{"start":{"line":42,"column":16},"end":{"line":51,"column":null}},"19":{"start":{"line":43,"column":20},"end":{"line":50,"column":21}},"20":{"start":{"line":44,"column":24},"end":{"line":44,"column":null}},"21":{"start":{"line":45,"column":24},"end":{"line":45,"column":null}},"22":{"start":{"line":47,"column":24},"end":{"line":47,"column":39}},"23":{"start":{"line":49,"column":24},"end":{"line":49,"column":null}},"24":{"start":{"line":55,"column":8},"end":{"line":55,"column":null}},"25":{"start":{"line":55,"column":22},"end":{"line":55,"column":null}},"26":{"start":{"line":14,"column":13},"end":{"line":14,"column":47}},"27":{"start":{"line":59,"column":35},"end":{"line":67,"column":1}},"28":{"start":{"line":60,"column":5},"end":{"line":62,"column":7}},"29":{"start":{"line":61,"column":8},"end":{"line":61,"column":29}},"30":{"start":{"line":64,"column":4},"end":{"line":64,"column":null}},"31":{"start":{"line":66,"column":4},"end":{"line":66,"column":19}},"32":{"start":{"line":59,"column":13},"end":{"line":59,"column":35}}},"fnMap":{"0":{"name":"(anonymous_0)","decl":{"start":{"line":14,"column":47},"end":{"line":14,"column":52}},"loc":{"start":{"line":14,"column":92},"end":{"line":57,"column":1}}},"1":{"name":"(anonymous_1)","decl":{"start":{"line":18,"column":72},"end":{"line":18,"column":73}},"loc":{"start":{"line":18,"column":83},"end":{"line":29,"column":9}}},"2":{"name":"(anonymous_2)","decl":{"start":{"line":20,"column":58},"end":{"line":20,"column":59}},"loc":{"start":{"line":20,"column":68},"end":{"line":27,"column":17}}},"3":{"name":"(anonymous_3)","decl":{"start":{"line":40,"column":67},"end":{"line":40,"column":68}},"loc":{"start":{"line":40,"column":78},"end":{"line":53,"column":9}}},"4":{"name":"(anonymous_4)","decl":{"start":{"line":42,"column":53},"end":{"line":42,"column":54}},"loc":{"start":{"line":42,"column":64},"end":{"line":51,"column":17}}},"5":{"name":"(anonymous_5)","decl":{"start":{"line":59,"column":35},"end":{"line":59,"column":40}},"loc":{"start":{"line":59,"column":66},"end":{"line":67,"column":1}}},"6":{"name":"(anonymous_6)","decl":{"start":{"line":60,"column":63},"end":{"line":60,"column":69}},"loc":{"start":{"line":60,"column":72},"end":{"line":62,"column":5}}}},"branchMap":{"0":{"loc":{"start":{"line":15,"column":4},"end":{"line":30,"column":5}},"type":"if","locations":[{"start":{"line":15,"column":4},"end":{"line":30,"column":5}}]},"1":{"loc":{"start":{"line":19,"column":12},"end":{"line":28,"column":13}},"type":"if","locations":[{"start":{"line":19,"column":12},"end":{"line":28,"column":13}}]},"2":{"loc":{"start":{"line":21,"column":20},"end":{"line":26,"column":21}},"type":"if","locations":[{"start":{"line":21,"column":20},"end":{"line":26,"column":21}}]},"3":{"loc":{"start":{"line":32,"column":4},"end":{"line":36,"column":5}},"type":"if","locations":[{"start":{"line":32,"column":4},"end":{"line":36,"column":5}}]},"4":{"loc":{"start":{"line":38,"column":4},"end":{"line":56,"column":5}},"type":"if","locations":[{"start":{"line":38,"column":4},"end":{"line":56,"column":5}}]},"5":{"loc":{"start":{"line":41,"column":12},"end":{"line":52,"column":13}},"type":"if","locations":[{"start":{"line":41,"column":12},"end":{"line":52,"column":13}}]},"6":{"loc":{"start":{"line":43,"column":20},"end":{"line":50,"column":21}},"type":"if","locations":[{"start":{"line":43,"column":20},"end":{"line":50,"column":21}}]},"7":{"loc":{"start":{"line":55,"column":8},"end":{"line":55,"column":null}},"type":"if","locations":[{"start":{"line":55,"column":8},"end":{"line":55,"column":null}}]}},"s":{"0":3,"1":3,"2":28,"3":28,"4":28,"5":168,"6":24,"7":24,"8":18,"9":18,"10":18,"11":28,"12":0,"13":0,"14":28,"15":0,"16":0,"17":0,"18":0,"19":0,"20":0,"21":0,"22":0,"23":0,"24":0,"25":0,"26":3,"27":3,"28":0,"29":0,"30":0,"31":0,"32":3},"f":{"0":28,"1":168,"2":24,"3":0,"4":0,"5":0,"6":0},"b":{"0":[28],"1":[24],"2":[18],"3":[0],"4":[0],"5":[0],"6":[0],"7":[0]}}
,"/home/mrmkz/Documents/packages/AxonJs/src/core/utils/coreLogger.ts": {"path":"/home/mrmkz/Documents/packages/AxonJs/src/core/utils/coreLogger.ts","statementMap":{"0":{"start":{"line":1,"column":0},"end":{"line":1,"column":24}},"1":{"start":{"line":2,"column":0},"end":{"line":2,"column":33}},"2":{"start":{"line":4,"column":21},"end":{"line":20,"column":2}},"3":{"start":{"line":22,"column":15},"end":{"line":38,"column":null}},"4":{"start":{"line":42,"column":2},"end":{"line":42,"column":8}}},"fnMap":{},"branchMap":{},"s":{"0":3,"1":3,"2":3,"3":3,"4":3},"f":{},"b":{}}
,"/home/mrmkz/Documents/packages/AxonJs/src/core/utils/getRequestBody.ts": {"path":"/home/mrmkz/Documents/packages/AxonJs/src/core/utils/getRequestBody.ts","statementMap":{"0":{"start":{"line":3,"column":23},"end":{"line":25,"column":1}},"1":{"start":{"line":4,"column":4},"end":{"line":24,"column":7}},"2":{"start":{"line":5,"column":19},"end":{"line":5,"column":21}},"3":{"start":{"line":7,"column":8},"end":{"line":9,"column":11}},"4":{"start":{"line":8,"column":12},"end":{"line":8,"column":37}},"5":{"start":{"line":11,"column":8},"end":{"line":19,"column":11}},"6":{"start":{"line":12,"column":12},"end":{"line":18,"column":13}},"7":{"start":{"line":13,"column":16},"end":{"line":13,"column":44}},"8":{"start":{"line":14,"column":16},"end":{"line":14,"column":34}},"9":{"start":{"line":16,"column":16},"end":{"line":16,"column":32}},"10":{"start":{"line":17,"column":16},"end":{"line":17,"column":34}},"11":{"start":{"line":21,"column":8},"end":{"line":23,"column":11}},"12":{"start":{"line":22,"column":12},"end":{"line":22,"column":26}},"13":{"start":{"line":27,"column":0},"end":{"line":27,"column":null}}},"fnMap":{"0":{"name":"(anonymous_0)","decl":{"start":{"line":3,"column":23},"end":{"line":3,"column":28}},"loc":{"start":{"line":3,"column":117},"end":{"line":25,"column":1}}},"1":{"name":"(anonymous_1)","decl":{"start":{"line":4,"column":23},"end":{"line":4,"column":24}},"loc":{"start":{"line":4,"column":43},"end":{"line":24,"column":5}}},"2":{"name":"(anonymous_2)","decl":{"start":{"line":7,"column":23},"end":{"line":7,"column":24}},"loc":{"start":{"line":7,"column":33},"end":{"line":9,"column":9}}},"3":{"name":"(anonymous_3)","decl":{"start":{"line":11,"column":22},"end":{"line":11,"column":25}},"loc":{"start":{"line":11,"column":27},"end":{"line":19,"column":9}}},"4":{"name":"(anonymous_4)","decl":{"start":{"line":21,"column":24},"end":{"line":21,"column":25}},"loc":{"start":{"line":21,"column":34},"end":{"line":23,"column":9}}}},"branchMap":{},"s":{"0":3,"1":20,"2":20,"3":20,"4":0,"5":20,"6":20,"7":20,"8":0,"9":20,"10":20,"11":20,"12":0,"13":3},"f":{"0":20,"1":20,"2":0,"3":20,"4":0},"b":{}}
,"/home/mrmkz/Documents/packages/AxonJs/src/core/utils/routePrefixHandler.ts": {"path":"/home/mrmkz/Documents/packages/AxonJs/src/core/utils/routePrefixHandler.ts","statementMap":{"0":{"start":{"line":1,"column":23},"end":{"line":17,"column":1}},"1":{"start":{"line":2,"column":4},"end":{"line":2,"column":null}},"2":{"start":{"line":3,"column":4},"end":{"line":3,"column":null}},"3":{"start":{"line":5,"column":4},"end":{"line":6,"column":null}},"4":{"start":{"line":6,"column":8},"end":{"line":6,"column":null}},"5":{"start":{"line":8,"column":4},"end":{"line":9,"column":null}},"6":{"start":{"line":9,"column":8},"end":{"line":9,"column":null}},"7":{"start":{"line":11,"column":4},"end":{"line":12,"column":null}},"8":{"start":{"line":12,"column":8},"end":{"line":12,"column":null}},"9":{"start":{"line":14,"column":4},"end":{"line":14,"column":null}},"10":{"start":{"line":16,"column":4},"end":{"line":16,"column":null}},"11":{"start":{"line":19,"column":0},"end":{"line":19,"column":null}}},"fnMap":{"0":{"name":"(anonymous_0)","decl":{"start":{"line":1,"column":23},"end":{"line":1,"column":24}},"loc":{"start":{"line":1,"column":57},"end":{"line":17,"column":1}}}},"branchMap":{"0":{"loc":{"start":{"line":5,"column":4},"end":{"line":6,"column":null}},"type":"if","locations":[{"start":{"line":5,"column":4},"end":{"line":6,"column":null}}]},"1":{"loc":{"start":{"line":8,"column":4},"end":{"line":9,"column":null}},"type":"if","locations":[{"start":{"line":8,"column":4},"end":{"line":9,"column":null}}]},"2":{"loc":{"start":{"line":11,"column":4},"end":{"line":12,"column":null}},"type":"if","locations":[{"start":{"line":11,"column":4},"end":{"line":12,"column":null}}]}},"s":{"0":3,"1":2,"2":2,"3":2,"4":2,"5":2,"6":0,"7":2,"8":0,"9":2,"10":2,"11":3},"f":{"0":2},"b":{"0":[2],"1":[0],"2":[0]}}
}
