TN:
SF:src/index.ts
FN:24,(anonymous_1)
FN:30,(anonymous_2)
FNF:2
FNH:2
FNDA:30,(anonymous_1)
FNDA:3,(anonymous_2)
DA:5,3
DA:6,3
DA:7,3
DA:24,30
DA:30,3
DA:35,3
DA:40,3
DA:41,3
DA:42,3
DA:43,3
DA:58,3
LF:11
LH:11
BRF:0
BRH:0
end_of_record
TN:
SF:src/Router/AxonRouter.ts
FN:7,(anonymous_1)
FN:20,(anonymous_2)
FN:26,(anonymous_3)
FN:31,(anonymous_4)
FN:46,(anonymous_5)
FN:77,(anonymous_6)
FN:114,(anonymous_7)
FN:146,(anonymous_8)
FN:178,(anonymous_9)
FN:210,(anonymous_10)
FN:242,(anonymous_11)
FN:261,(anonymous_12)
FN:279,(anonymous_13)
FN:319,(anonymous_14)
FN:324,(anonymous_15)
FNF:15
FNH:14
FNDA:0,(anonymous_1)
FNDA:2,(anonymous_2)
FNDA:26,(anonymous_3)
FNDA:10,(anonymous_4)
FNDA:30,(anonymous_5)
FNDA:21,(anonymous_6)
FNDA:1,(anonymous_7)
FNDA:1,(anonymous_8)
FNDA:1,(anonymous_9)
FNDA:1,(anonymous_10)
FNDA:1,(anonymous_11)
FNDA:54,(anonymous_12)
FNDA:26,(anonymous_13)
FNDA:27,(anonymous_14)
FNDA:26,(anonymous_15)
DA:1,3
DA:2,3
DA:4,3
DA:5,3
DA:7,3
DA:8,0
DA:20,3
DA:22,3
DA:27,26
DA:28,26
DA:32,10
DA:38,10
DA:47,30
DA:49,30
DA:78,21
DA:79,0
DA:82,21
DA:84,21
DA:85,21
DA:87,21
DA:93,21
DA:115,1
DA:116,0
DA:119,1
DA:121,1
DA:122,1
DA:124,1
DA:130,1
DA:147,1
DA:148,0
DA:151,1
DA:153,1
DA:154,1
DA:156,1
DA:162,1
DA:179,1
DA:180,0
DA:183,1
DA:185,1
DA:186,1
DA:188,1
DA:194,1
DA:211,1
DA:212,0
DA:215,1
DA:217,1
DA:218,1
DA:220,1
DA:226,1
DA:243,1
DA:244,0
DA:247,1
DA:249,1
DA:250,1
DA:252,1
DA:258,1
DA:262,54
DA:280,26
DA:281,26
DA:282,26
DA:283,26
DA:284,32
DA:286,5
DA:287,5
DA:288,0
DA:291,5
DA:292,5
DA:293,5
DA:295,5
DA:296,1
DA:297,1
DA:298,0
DA:300,1
DA:301,1
DA:302,1
DA:305,4
DA:309,27
DA:310,27
DA:311,27
DA:312,27
DA:315,26
DA:316,26
DA:321,27
DA:325,26
DA:326,2
DA:329,26
DA:330,0
DA:332,26
DA:333,0
DA:335,26
DA:336,0
DA:339,26
DA:343,3
LF:93
LH:81
BRDA:20,0,0,2
BRDA:20,0,1,2
BRDA:31,1,0,8
BRDA:33,2,0,10
BRDA:33,2,1,8
BRDA:78,3,0,0
BRDA:115,4,0,0
BRDA:147,5,0,0
BRDA:179,6,0,0
BRDA:211,7,0,0
BRDA:243,8,0,0
BRDA:284,9,0,5
BRDA:284,9,1,27
BRDA:287,10,0,0
BRDA:295,11,0,1
BRDA:295,11,1,4
BRDA:295,12,0,5
BRDA:295,12,1,2
BRDA:297,13,0,0
BRDA:310,14,0,22
BRDA:310,14,1,5
BRDA:312,15,0,22
BRDA:312,15,1,5
BRDA:325,16,0,2
BRDA:329,17,0,0
BRDA:332,18,0,0
BRDA:335,19,0,0
BRF:27
BRH:16
end_of_record
TN:
SF:src/Router/exceptions/RouterException.ts
FN:7,(anonymous_0)
FNF:1
FNH:0
FNDA:0,(anonymous_0)
DA:8,0
DA:9,0
DA:10,0
DA:14,3
LF:4
LH:1
BRF:0
BRH:0
end_of_record
TN:
SF:src/core/AxonCore.ts
FN:89,(anonymous_7)
FN:131,(anonymous_8)
FN:161,(anonymous_9)
FN:174,(anonymous_10)
FN:176,(anonymous_11)
FN:222,(anonymous_12)
FN:231,(anonymous_13)
FN:244,(anonymous_14)
FN:273,(anonymous_15)
FN:284,(anonymous_16)
FN:339,(anonymous_17)
FN:365,(anonymous_18)
FN:366,(anonymous_19)
FN:367,(anonymous_20)
FN:423,(anonymous_21)
FN:431,(anonymous_22)
FN:437,(anonymous_23)
FN:438,(anonymous_24)
FN:448,(anonymous_25)
FN:449,(anonymous_26)
FN:487,(anonymous_27)
FN:538,(anonymous_28)
FN:540,(anonymous_29)
FN:541,(anonymous_30)
FN:542,(anonymous_31)
FN:560,(anonymous_32)
FN:562,(anonymous_33)
FN:568,(anonymous_34)
FN:581,(anonymous_35)
FN:600,(anonymous_36)
FN:611,(anonymous_37)
FN:627,(anonymous_38)
FN:628,(anonymous_39)
FN:630,(anonymous_40)
FN:635,(anonymous_41)
FN:649,(anonymous_42)
FN:682,(anonymous_43)
FNF:37
FNH:30
FNDA:3,(anonymous_7)
FNDA:0,(anonymous_8)
FNDA:18,(anonymous_9)
FNDA:108,(anonymous_10)
FNDA:18,(anonymous_11)
FNDA:28,(anonymous_12)
FNDA:0,(anonymous_13)
FNDA:8,(anonymous_14)
FNDA:9,(anonymous_15)
FNDA:20,(anonymous_16)
FNDA:4,(anonymous_17)
FNDA:18,(anonymous_18)
FNDA:16,(anonymous_19)
FNDA:15,(anonymous_20)
FNDA:52,(anonymous_21)
FNDA:89,(anonymous_22)
FNDA:40,(anonymous_23)
FNDA:34,(anonymous_24)
FNDA:40,(anonymous_25)
FNDA:11,(anonymous_26)
FNDA:5,(anonymous_27)
FNDA:3,(anonymous_28)
FNDA:3,(anonymous_29)
FNDA:3,(anonymous_30)
FNDA:1,(anonymous_31)
FNDA:1,(anonymous_32)
FNDA:0,(anonymous_33)
FNDA:20,(anonymous_34)
FNDA:6,(anonymous_35)
FNDA:3,(anonymous_36)
FNDA:3,(anonymous_37)
FNDA:0,(anonymous_38)
FNDA:3,(anonymous_39)
FNDA:0,(anonymous_40)
FNDA:0,(anonymous_41)
FNDA:3,(anonymous_42)
FNDA:0,(anonymous_43)
DA:1,3
DA:2,3
DA:3,3
DA:7,3
DA:8,3
DA:18,3
DA:24,3
DA:25,3
DA:26,3
DA:27,3
DA:28,3
DA:32,3
DA:38,3
DA:82,3
DA:90,3
DA:95,3
DA:104,3
DA:106,3
DA:107,3
DA:108,3
DA:109,3
DA:111,3
DA:113,3
DA:132,0
DA:136,3
DA:144,3
DA:146,2
DA:162,18
DA:166,18
DA:174,18
DA:175,108
DA:176,18
DA:177,18
DA:178,18
DA:179,18
DA:181,18
DA:183,0
DA:189,18
DA:223,28
DA:232,0
DA:245,8
DA:247,8
DA:248,4
DA:255,8
DA:256,4
DA:257,10
DA:258,10
DA:267,8
DA:274,9
DA:284,20
DA:285,20
DA:287,20
DA:290,20
DA:291,1
DA:301,19
DA:303,19
DA:305,19
DA:306,1
DA:316,18
DA:317,18
DA:320,18
DA:323,18
DA:325,18
DA:327,18
DA:328,18
DA:329,18
DA:330,18
DA:332,18
DA:336,18
DA:337,18
DA:339,18
DA:340,4
DA:345,18
DA:346,4
DA:347,4
DA:350,18
DA:351,18
DA:353,18
DA:355,18
DA:357,18
DA:359,18
DA:365,18
DA:366,18
DA:367,16
DA:368,15
DA:371,15
DA:372,0
DA:381,15
DA:388,0
DA:391,0
DA:393,0
DA:403,18
DA:404,0
DA:429,52
DA:431,52
DA:432,89
DA:433,40
DA:435,40
DA:437,40
DA:438,40
DA:439,34
DA:440,34
DA:442,40
DA:446,40
DA:449,40
DA:450,11
DA:455,6
DA:457,3
DA:464,3
DA:475,3
DA:476,3
DA:480,49
DA:484,52
DA:488,5
DA:489,0
DA:492,5
DA:493,0
DA:496,5
DA:498,5
DA:499,0
DA:500,0
DA:501,0
DA:506,5
DA:509,5
DA:510,0
DA:519,5
DA:522,5
DA:540,3
DA:541,3
DA:542,3
DA:543,1
DA:544,1
DA:545,1
DA:546,1
DA:547,0
DA:548,0
DA:549,0
DA:556,3
DA:563,0
DA:564,0
DA:568,3
DA:569,20
DA:570,20
DA:572,20
DA:574,20
DA:576,0
DA:581,3
DA:582,6
DA:584,6
DA:585,0
DA:587,6
DA:590,0
DA:591,0
DA:593,0
DA:596,0
DA:600,3
DA:603,3
DA:604,0
DA:607,3
DA:610,3
DA:611,3
DA:612,3
DA:613,0
DA:614,0
DA:616,3
DA:617,3
DA:620,3
DA:621,0
DA:627,3
DA:628,3
DA:630,3
DA:631,0
DA:632,0
DA:635,3
DA:636,0
DA:637,0
DA:650,3
DA:651,3
DA:652,3
DA:653,3
DA:656,3
DA:657,0
DA:658,0
DA:661,3
DA:664,0
DA:665,0
DA:666,0
DA:667,0
DA:670,0
DA:686,0
LF:190
LH:149
BRDA:175,0,0,18
BRDA:177,1,0,18
BRDA:177,1,1,0
BRDA:244,2,0,4
BRDA:245,3,0,8
BRDA:245,3,1,3
BRDA:245,3,2,3
BRDA:247,4,0,4
BRDA:255,5,0,4
BRDA:257,6,0,10
BRDA:290,7,0,1
BRDA:294,8,0,1
BRDA:294,8,1,1
BRDA:305,9,0,1
BRDA:309,10,0,1
BRDA:309,10,1,1
BRDA:327,11,0,18
BRDA:329,12,0,18
BRDA:329,12,1,0
BRDA:360,13,0,18
BRDA:360,13,1,18
BRDA:371,14,0,0
BRDA:371,14,1,15
BRDA:395,15,0,0
BRDA:395,15,1,0
BRDA:403,16,0,0
BRDA:403,17,0,18
BRDA:403,17,1,0
BRDA:406,18,0,0
BRDA:406,18,1,0
BRDA:432,19,0,40
BRDA:432,19,1,49
BRDA:455,20,0,3
BRDA:455,20,1,3
BRDA:458,21,0,3
BRDA:458,21,1,0
BRDA:460,22,0,3
BRDA:460,22,1,0
BRDA:466,23,0,3
BRDA:466,23,1,0
BRDA:468,24,0,3
BRDA:468,24,1,0
BRDA:475,25,0,3
BRDA:475,25,1,0
BRDA:488,26,0,0
BRDA:492,27,0,0
BRDA:498,28,0,0
BRDA:500,29,0,0
BRDA:509,30,0,0
BRDA:509,30,1,5
BRDA:538,31,0,0
BRDA:538,32,0,0
BRDA:543,33,0,1
BRDA:543,33,1,0
BRDA:543,34,0,1
BRDA:543,34,1,1
BRDA:547,35,0,0
BRDA:582,36,0,6
BRDA:582,36,1,0
BRDA:582,36,2,0
BRDA:584,37,0,0
BRDA:584,37,1,6
BRDA:590,38,0,0
BRDA:590,38,1,0
BRDA:600,39,0,3
BRDA:600,39,1,3
BRDA:603,40,0,0
BRDA:604,41,0,0
BRDA:604,41,1,0
BRDA:610,42,0,3
BRDA:612,43,0,0
BRDA:612,43,1,3
BRDA:613,44,0,0
BRDA:616,45,0,3
BRDA:620,46,0,0
BRDA:650,47,0,3
BRDA:651,48,0,3
BRDA:656,49,0,0
BRDA:664,50,0,0
BRF:79
BRH:43
end_of_record
TN:
SF:src/core/config/AxonConfig.ts
FN:17,loadJSConfig
FN:23,loadTSConfig
FN:40,resolveConfig
FN:49,(anonymous_4)
FN:50,(anonymous_5)
FN:51,(anonymous_6)
FN:52,(anonymous_7)
FNF:7
FNH:1
FNDA:0,loadJSConfig
FNDA:0,loadTSConfig
FNDA:6,resolveConfig
FNDA:0,(anonymous_4)
FNDA:0,(anonymous_5)
FNDA:0,(anonymous_6)
FNDA:0,(anonymous_7)
DA:2,3
DA:3,3
DA:4,3
DA:7,3
DA:13,3
DA:15,3
DA:18,0
DA:19,0
DA:20,0
DA:24,0
DA:33,0
DA:34,0
DA:35,0
DA:36,0
DA:37,0
DA:40,3
DA:41,6
DA:49,0
DA:50,0
DA:51,0
DA:52,0
DA:56,6
DA:58,4
DA:60,0
DA:62,0
DA:64,0
DA:65,0
DA:68,0
DA:69,0
DA:72,0
DA:74,0
LF:31
LH:10
BRDA:20,0,0,0
BRDA:20,0,1,0
BRDA:58,1,0,4
BRDA:60,2,0,0
BRDA:64,3,0,0
BRDA:68,4,0,0
BRF:6
BRH:1
end_of_record
TN:
SF:src/core/config/defaultConfig.ts
FNF:0
FNH:0
DA:4,3
LF:1
LH:1
BRF:0
BRH:0
end_of_record
TN:
SF:src/core/cors/AxonCors.ts
FN:13,(anonymous_1)
FN:17,(anonymous_2)
FN:34,(anonymous_3)
FN:71,(anonymous_4)
FN:82,(anonymous_5)
FN:92,(anonymous_6)
FN:115,(anonymous_7)
FN:131,(anonymous_8)
FN:142,(anonymous_9)
FN:157,(anonymous_10)
FN:190,(anonymous_11)
FN:196,(anonymous_12)
FN:201,(anonymous_13)
FN:202,(anonymous_14)
FN:219,(anonymous_15)
FN:225,(anonymous_16)
FNF:16
FNH:11
FNDA:0,(anonymous_1)
FNDA:0,(anonymous_2)
FNDA:18,(anonymous_3)
FNDA:0,(anonymous_4)
FNDA:18,(anonymous_5)
FNDA:0,(anonymous_6)
FNDA:18,(anonymous_7)
FNDA:0,(anonymous_8)
FNDA:54,(anonymous_9)
FNDA:18,(anonymous_10)
FNDA:18,(anonymous_11)
FNDA:18,(anonymous_12)
FNDA:18,(anonymous_13)
FNDA:18,(anonymous_14)
FNDA:18,(anonymous_15)
FNDA:18,(anonymous_16)
DA:1,3
DA:4,3
DA:6,3
DA:13,3
DA:14,0
DA:17,3
DA:18,0
DA:19,0
DA:20,0
DA:21,0
DA:24,0
DA:25,0
DA:26,0
DA:27,0
DA:28,0
DA:30,0
DA:34,3
DA:35,18
DA:36,18
DA:39,18
DA:41,18
DA:45,0
DA:47,0
DA:51,0
DA:56,0
DA:58,0
DA:62,0
DA:68,18
DA:71,3
DA:72,0
DA:73,0
DA:74,0
DA:76,0
DA:82,3
DA:83,18
DA:84,0
DA:89,18
DA:92,3
DA:93,0
DA:94,0
DA:96,0
DA:97,0
DA:98,0
DA:102,0
DA:103,0
DA:105,0
DA:106,0
DA:112,0
DA:115,3
DA:116,18
DA:117,18
DA:118,18
DA:119,0
DA:120,0
DA:122,0
DA:123,0
DA:128,0
DA:131,3
DA:132,0
DA:133,0
DA:134,0
DA:139,0
DA:142,3
DA:143,54
DA:144,90
DA:145,90
DA:146,54
DA:147,36
DA:148,18
DA:149,0
DA:150,18
DA:151,18
DA:157,3
DA:158,18
DA:159,18
DA:161,18
DA:163,0
DA:164,0
DA:165,0
DA:166,0
DA:167,0
DA:168,0
DA:169,0
DA:171,0
DA:172,0
DA:176,0
DA:177,0
DA:178,0
DA:182,18
DA:183,18
DA:184,18
DA:185,18
DA:186,18
DA:190,3
DA:193,18
DA:194,0
DA:196,18
DA:197,18
DA:201,18
DA:202,18
DA:203,18
DA:204,0
DA:214,18
DA:215,18
DA:216,18
DA:217,0
DA:218,18
DA:219,18
DA:220,18
DA:224,18
DA:225,18
DA:226,18
DA:227,0
DA:237,18
DA:238,18
DA:242,0
DA:249,3
LF:117
LH:58
BRDA:14,0,0,0
BRDA:14,0,1,0
BRDA:18,1,0,0
BRDA:18,1,1,0
BRDA:20,2,0,0
BRDA:25,3,0,0
BRDA:25,3,1,0
BRDA:27,4,0,0
BRDA:27,4,1,0
BRDA:39,5,0,18
BRDA:39,5,1,0
BRDA:39,6,0,18
BRDA:39,6,1,18
BRDA:45,7,0,0
BRDA:45,7,1,0
BRDA:60,8,0,0
BRDA:60,8,1,0
BRDA:73,9,0,0
BRDA:83,10,0,0
BRDA:93,11,0,0
BRDA:93,11,1,0
BRDA:96,12,0,0
BRDA:96,12,1,0
BRDA:102,13,0,0
BRDA:105,14,0,0
BRDA:105,15,0,0
BRDA:105,15,1,0
BRDA:117,16,0,18
BRDA:117,16,1,0
BRDA:119,17,0,0
BRDA:122,18,0,0
BRDA:122,19,0,0
BRDA:122,19,1,0
BRDA:132,20,0,0
BRDA:132,20,1,0
BRDA:132,20,2,0
BRDA:133,21,0,0
BRDA:133,22,0,0
BRDA:133,22,1,0
BRDA:145,23,0,54
BRDA:146,24,0,36
BRDA:146,24,1,18
BRDA:148,25,0,0
BRDA:148,25,1,18
BRDA:148,26,0,18
BRDA:148,26,1,0
BRDA:150,27,0,18
BRDA:159,28,0,18
BRDA:159,28,1,18
BRDA:159,28,2,18
BRDA:161,29,0,0
BRDA:161,29,1,18
BRDA:171,30,0,0
BRDA:171,30,1,0
BRDA:193,31,0,0
BRDA:193,31,1,18
BRDA:203,32,0,0
BRDA:203,32,1,18
BRDA:216,33,0,0
BRDA:216,33,1,18
BRDA:216,34,0,18
BRDA:216,34,1,18
BRDA:218,35,0,18
BRDA:224,36,0,18
BRDA:224,36,1,0
BRDA:226,37,0,0
BRDA:226,37,1,18
BRDA:226,38,0,18
BRDA:226,38,1,18
BRF:69
BRH:24
end_of_record
TN:
SF:src/core/exceptions/CoreExceptions.ts
FN:9,(anonymous_1)
FNF:1
FNH:0
FNDA:0,(anonymous_1)
DA:1,3
DA:9,3
DA:10,0
DA:21,3
LF:4
LH:3
BRF:0
BRH:0
end_of_record
TN:
SF:src/core/plugin/PluginLoader.ts
FN:8,(anonymous_0)
FN:15,(anonymous_1)
FN:16,(anonymous_2)
FN:22,(anonymous_3)
FNF:4
FNH:1
FNDA:0,(anonymous_0)
FNDA:3,(anonymous_1)
FNDA:0,(anonymous_2)
FNDA:0,(anonymous_3)
DA:3,3
DA:5,3
DA:6,3
DA:9,0
DA:10,0
DA:11,0
DA:12,0
DA:16,3
DA:17,0
DA:18,0
DA:23,0
LF:11
LH:4
BRF:0
BRH:0
end_of_record
TN:
SF:src/core/response/AxonResponse.ts
FN:6,(anonymous_0)
FN:13,(anonymous_1)
FN:17,(anonymous_2)
FN:32,(anonymous_3)
FN:50,(anonymous_4)
FNF:5
FNH:2
FNDA:20,(anonymous_0)
FNDA:0,(anonymous_1)
FNDA:0,(anonymous_2)
FNDA:20,(anonymous_3)
FNDA:0,(anonymous_4)
DA:7,20
DA:14,0
DA:16,0
DA:18,0
DA:19,0
DA:21,0
DA:33,20
DA:35,0
DA:36,0
DA:38,20
DA:39,20
DA:40,20
DA:42,0
DA:43,0
DA:44,0
DA:47,20
DA:51,0
DA:53,0
DA:57,3
LF:19
LH:7
BRDA:18,0,0,0
BRDA:33,1,0,0
BRDA:33,1,1,20
BRDA:33,1,2,0
BRF:4
BRH:1
end_of_record
TN:
SF:src/core/services/unloadRoutesService.ts
FN:14,(anonymous_0)
FN:18,(anonymous_1)
FN:20,(anonymous_2)
FN:40,(anonymous_3)
FN:42,(anonymous_4)
FN:59,(anonymous_5)
FN:60,(anonymous_6)
FNF:7
FNH:3
FNDA:28,(anonymous_0)
FNDA:168,(anonymous_1)
FNDA:24,(anonymous_2)
FNDA:0,(anonymous_3)
FNDA:0,(anonymous_4)
FNDA:0,(anonymous_5)
FNDA:0,(anonymous_6)
DA:3,3
DA:14,3
DA:15,28
DA:16,28
DA:18,28
DA:19,168
DA:20,24
DA:21,24
DA:22,18
DA:23,18
DA:25,18
DA:32,28
DA:33,0
DA:35,0
DA:38,28
DA:39,0
DA:40,0
DA:41,0
DA:42,0
DA:43,0
DA:44,0
DA:45,0
DA:47,0
DA:49,0
DA:55,0
DA:59,3
DA:60,0
DA:61,0
DA:64,0
DA:66,0
LF:30
LH:14
BRDA:15,0,0,28
BRDA:19,1,0,24
BRDA:21,2,0,18
BRDA:32,3,0,0
BRDA:38,4,0,0
BRDA:41,5,0,0
BRDA:43,6,0,0
BRDA:55,7,0,0
BRF:8
BRH:3
end_of_record
TN:
SF:src/core/utils/coreLogger.ts
FNF:0
FNH:0
DA:1,3
DA:2,3
DA:4,3
DA:22,3
DA:42,3
LF:5
LH:5
BRF:0
BRH:0
end_of_record
TN:
SF:src/core/utils/getRequestBody.ts
FN:3,(anonymous_0)
FN:4,(anonymous_1)
FN:7,(anonymous_2)
FN:11,(anonymous_3)
FN:21,(anonymous_4)
FNF:5
FNH:3
FNDA:20,(anonymous_0)
FNDA:20,(anonymous_1)
FNDA:0,(anonymous_2)
FNDA:20,(anonymous_3)
FNDA:0,(anonymous_4)
DA:3,3
DA:4,20
DA:5,20
DA:7,20
DA:8,0
DA:11,20
DA:12,20
DA:13,20
DA:14,0
DA:16,20
DA:17,20
DA:21,20
DA:22,0
DA:27,3
LF:14
LH:11
BRF:0
BRH:0
end_of_record
TN:
SF:src/core/utils/routePrefixHandler.ts
FN:1,(anonymous_0)
FNF:1
FNH:1
FNDA:2,(anonymous_0)
DA:1,3
DA:2,2
DA:3,2
DA:5,2
DA:6,2
DA:8,2
DA:9,0
DA:11,2
DA:12,0
DA:14,2
DA:16,2
DA:19,3
LF:12
LH:10
BRDA:5,0,0,2
BRDA:8,1,0,0
BRDA:11,2,0,0
BRF:3
BRH:1
end_of_record
